[INFO](2022/04/13/ 05:57:39 PM) 
[WELCOME] Unfolding configurations...!
[INFO](2022/04/13/ 05:57:39 PM) {'global_config': {'seed': 5959, 'device': 'cuda', 'is_mp': True}}
[INFO](2022/04/13/ 05:57:39 PM) {'data_config': {'data_path': './data/', 'dataset_name': 'CIFAR10', 'num_shards': 300, 'iid': True}}
[INFO](2022/04/13/ 05:57:39 PM) {'fed_config': {'C': 0.1, 'K': 100, 'R': 400, 'E': 50, 'B': 20, 'NC': 3, 'criterion': 'torch.nn.CrossEntropyLoss', 'optimizer': 'torch.optim.SGD'}}
[INFO](2022/04/13/ 05:57:39 PM) {'optim_config': {'lr': 0.01, 'momentum': 0.9}}
[INFO](2022/04/13/ 05:57:39 PM) {'init_config': {'init_type': 'xavier', 'init_gain': 1.0, 'gpu_ids': [0, 1, 2]}}
[INFO](2022/04/13/ 05:57:39 PM) {'model_config': {'name': 'CNN2', 'in_channels': 3, 'hidden_channels': 32, 'num_hiddens': 512, 'num_classes': 10}}
[INFO](2022/04/13/ 05:57:39 PM) {'log_config': {'log_path': './log/2022-04-13_17:57:36', 'log_name': 'FL.log', 'tb_port': 5252, 'tb_host': '0.0.0.0'}}
[INFO](2022/04/13/ 05:57:47 PM) [Round: 0000] ...successfully initialized model (# parameters: 2156490)!
[INFO](2022/04/13/ 05:57:49 PM) [Round: 0000] ...successfully created all 100 clients!
[INFO](2022/04/13/ 05:57:49 PM) [Round: 0000] ...successfully finished setup of all 100 clients!
[INFO](2022/04/13/ 05:57:49 PM) [Round: 0000] ...successfully transmitted models to all 100 clients!
[INFO](2022/04/13/ 05:57:50 PM) [Round: 0001] Select clients...!
[INFO](2022/04/13/ 05:57:50 PM) [Round: 0001] ...successfully transmitted models to 10 selected clients of cluster 1!
[INFO](2022/04/13/ 05:57:50 PM) [Round: 0001] ...successfully transmitted models to 10 selected clients of cluster 2!
[INFO](2022/04/13/ 05:57:50 PM) [Round: 0001] ...successfully transmitted models to 10 selected clients of cluster 3!
[INFO](2022/04/13/ 05:57:50 PM) [Round: 0001] Start updating selected client 0004...!
[INFO](2022/04/13/ 05:57:50 PM) [Round: 0001] Start updating selected client 0021...!
[INFO](2022/04/13/ 05:57:50 PM) [Round: 0001] Start updating selected client 0038...!
[INFO](2022/04/13/ 05:57:50 PM) [Round: 0001] Start updating selected client 0046...!
[INFO](2022/04/13/ 05:57:50 PM) [Round: 0001] Start updating selected client 0010...!
[INFO](2022/04/13/ 05:57:50 PM) [Round: 0001] Start updating selected client 0048...!
[INFO](2022/04/13/ 05:57:50 PM) [Round: 0001] Start updating selected client 0054...!
[INFO](2022/04/13/ 05:57:50 PM) [Round: 0001] Start updating selected client 0072...!
[INFO](2022/04/13/ 05:57:50 PM) [Round: 0001] Start updating selected client 0063...!
[INFO](2022/04/13/ 05:57:50 PM) [Round: 0001] Start updating selected client 0086...!
[INFO](2022/04/13/ 05:59:16 PM) [Round: 0001] ...client 0021 is selected and updated (with total sample size: 500)!
[INFO](2022/04/13/ 05:59:16 PM) [Round: 0001] ...client 0086 is selected and updated (with total sample size: 500)!
[INFO](2022/04/13/ 05:59:17 PM) [Round: 0001] ...client 0010 is selected and updated (with total sample size: 500)!
[INFO](2022/04/13/ 05:59:17 PM) [Round: 0001] ...client 0048 is selected and updated (with total sample size: 500)!
[INFO](2022/04/13/ 05:59:17 PM) [Round: 0001] ...client 0063 is selected and updated (with total sample size: 500)!
[INFO](2022/04/13/ 05:59:17 PM) [Round: 0001] ...client 0004 is selected and updated (with total sample size: 500)!
[INFO](2022/04/13/ 05:59:17 PM) [Round: 0001] ...client 0038 is selected and updated (with total sample size: 500)!
[INFO](2022/04/13/ 05:59:18 PM) [Round: 0001] ...client 0054 is selected and updated (with total sample size: 500)!
[INFO](2022/04/13/ 05:59:18 PM) [Round: 0001] ...client 0046 is selected and updated (with total sample size: 500)!
[INFO](2022/04/13/ 05:59:18 PM) [Round: 0001] ...client 0072 is selected and updated (with total sample size: 500)!
[INFO](2022/04/13/ 05:59:18 PM) [Round: 0001] Evaluate selected 10 clients' models...!
[INFO](2022/04/13/ 05:59:19 PM) 	[Client 0004] ...finished evaluation!            
	=> Test loss: 0.0002            
	=> Test accuracy: 100.00%

[INFO](2022/04/13/ 05:59:19 PM) 	[Client 0021] ...finished evaluation!            
	=> Test loss: 0.0002            
	=> Test accuracy: 100.00%

[INFO](2022/04/13/ 05:59:19 PM) 	[Client 0054] ...finished evaluation!            
	=> Test loss: 0.0002            
	=> Test accuracy: 100.00%

[INFO](2022/04/13/ 05:59:19 PM) 	[Client 0010] ...finished evaluation!            
	=> Test loss: 0.0002            
	=> Test accuracy: 100.00%

[INFO](2022/04/13/ 05:59:20 PM) 	[Client 0086] ...finished evaluation!            
	=> Test loss: 0.0002            
	=> Test accuracy: 100.00%

[INFO](2022/04/13/ 05:59:20 PM) 	[Client 0038] ...finished evaluation!            
	=> Test loss: 0.0003            
	=> Test accuracy: 100.00%

[INFO](2022/04/13/ 05:59:20 PM) 	[Client 0063] ...finished evaluation!            
	=> Test loss: 0.0003            
	=> Test accuracy: 100.00%

[INFO](2022/04/13/ 05:59:20 PM) 	[Client 0048] ...finished evaluation!            
	=> Test loss: 0.0002            
	=> Test accuracy: 100.00%

[INFO](2022/04/13/ 05:59:20 PM) 	[Client 0046] ...finished evaluation!            
	=> Test loss: 0.0002            
	=> Test accuracy: 100.00%

[INFO](2022/04/13/ 05:59:20 PM) 	[Client 0072] ...finished evaluation!            
	=> Test loss: 0.0002            
	=> Test accuracy: 100.00%

[INFO](2022/04/13/ 05:59:20 PM) [Round: 0001] Aggregate updated weights of 10 clients...!
[INFO](2022/04/13/ 05:59:20 PM) [Round: 0001] ...updated weights of 10 clients are successfully averaged!
[INFO](2022/04/13/ 05:59:20 PM) [Round: 0001] Aggregate updated weights of 2 clients...!
[INFO](2022/04/13/ 05:59:20 PM) [Round: 0001] ...updated weights of 2 clients of cluster 1 are successfully averaged!
[INFO](2022/04/13/ 05:59:20 PM) [Round: 0001] Aggregate updated weights of 7 clients...!
[INFO](2022/04/13/ 05:59:20 PM) [Round: 0001] ...updated weights of 7 clients of cluster 2 are successfully averaged!
[INFO](2022/04/13/ 05:59:20 PM) [Round: 0001] Aggregate updated weights of 1 clients...!
[INFO](2022/04/13/ 05:59:20 PM) [Round: 0001] ...updated weights of 1 clients of cluster 3 are successfully averaged!
[INFO](2022/04/13/ 05:59:23 PM) [Round: 0001] Evaluate global model's performance...!                
	[Server] ...finished evaluation!                
	=> Loss: 2.0710                
	=> Accuracy: 43.41%

[INFO](2022/04/13/ 05:59:23 PM) [Round: 0002] Select clients...!
[INFO](2022/04/13/ 05:59:23 PM) [Round: 0002] ...successfully transmitted models to 10 selected clients of cluster 1!
[INFO](2022/04/13/ 05:59:23 PM) [Round: 0002] ...successfully transmitted models to 10 selected clients of cluster 2!
[INFO](2022/04/13/ 05:59:23 PM) [Round: 0002] ...successfully transmitted models to 10 selected clients of cluster 3!
[INFO](2022/04/13/ 05:59:23 PM) [Round: 0002] Start updating selected client 0001...!
[INFO](2022/04/13/ 05:59:23 PM) [Round: 0002] Start updating selected client 0014...!
[INFO](2022/04/13/ 05:59:23 PM) [Round: 0002] Start updating selected client 0045...!
[INFO](2022/04/13/ 05:59:23 PM) [Round: 0002] Start updating selected client 0049...!
[INFO](2022/04/13/ 05:59:24 PM) [Round: 0002] Start updating selected client 0046...!
[INFO](2022/04/13/ 05:59:24 PM) [Round: 0002] Start updating selected client 0037...!
[INFO](2022/04/13/ 05:59:24 PM) [Round: 0002] Start updating selected client 0027...!
[INFO](2022/04/13/ 05:59:24 PM) [Round: 0002] Start updating selected client 0098...!
[INFO](2022/04/13/ 05:59:24 PM) [Round: 0002] Start updating selected client 0089...!
[INFO](2022/04/13/ 05:59:24 PM) [Round: 0002] Start updating selected client 0063...!
[INFO](2022/04/13/ 06:00:52 PM) [Round: 0002] ...client 0037 is selected and updated (with total sample size: 500)!
[INFO](2022/04/13/ 06:00:53 PM) [Round: 0002] ...client 0046 is selected and updated (with total sample size: 500)!
[INFO](2022/04/13/ 06:00:53 PM) [Round: 0002] ...client 0014 is selected and updated (with total sample size: 500)!
[INFO](2022/04/13/ 06:00:54 PM) [Round: 0002] ...client 0045 is selected and updated (with total sample size: 500)!
[INFO](2022/04/13/ 06:00:54 PM) [Round: 0002] ...client 0001 is selected and updated (with total sample size: 500)!
[INFO](2022/04/13/ 06:00:54 PM) [Round: 0002] ...client 0063 is selected and updated (with total sample size: 500)!
[INFO](2022/04/13/ 06:00:54 PM) [Round: 0002] ...client 0089 is selected and updated (with total sample size: 500)!
[INFO](2022/04/13/ 06:00:55 PM) [Round: 0002] ...client 0027 is selected and updated (with total sample size: 500)!
[INFO](2022/04/13/ 06:00:55 PM) [Round: 0002] ...client 0049 is selected and updated (with total sample size: 500)!
[INFO](2022/04/13/ 06:00:55 PM) [Round: 0002] ...client 0098 is selected and updated (with total sample size: 500)!
[INFO](2022/04/13/ 06:00:55 PM) [Round: 0002] Evaluate selected 10 clients' models...!
[INFO](2022/04/13/ 06:00:56 PM) 	[Client 0089] ...finished evaluation!            
	=> Test loss: 0.0003            
	=> Test accuracy: 100.00%

[INFO](2022/04/13/ 06:00:56 PM) 	[Client 0014] ...finished evaluation!            
	=> Test loss: 0.0003            
	=> Test accuracy: 100.00%

[INFO](2022/04/13/ 06:00:57 PM) 	[Client 0037] ...finished evaluation!            
	=> Test loss: 0.0003            
	=> Test accuracy: 100.00%

[INFO](2022/04/13/ 06:00:57 PM) 	[Client 0045] ...finished evaluation!            
	=> Test loss: 0.0003            
	=> Test accuracy: 100.00%

[INFO](2022/04/13/ 06:00:57 PM) 	[Client 0027] ...finished evaluation!            
	=> Test loss: 0.0003            
	=> Test accuracy: 100.00%

[INFO](2022/04/13/ 06:00:57 PM) 	[Client 0098] ...finished evaluation!            
	=> Test loss: 0.0003            
	=> Test accuracy: 100.00%

[INFO](2022/04/13/ 06:00:57 PM) 	[Client 0001] ...finished evaluation!            
	=> Test loss: 0.0003            
	=> Test accuracy: 100.00%

[INFO](2022/04/13/ 06:00:57 PM) 	[Client 0049] ...finished evaluation!            
	=> Test loss: 0.0003            
	=> Test accuracy: 100.00%

[INFO](2022/04/13/ 06:00:57 PM) 	[Client 0063] ...finished evaluation!            
	=> Test loss: 0.0001            
	=> Test accuracy: 100.00%

[INFO](2022/04/13/ 06:00:57 PM) 	[Client 0046] ...finished evaluation!            
	=> Test loss: 0.0003            
	=> Test accuracy: 100.00%

[INFO](2022/04/13/ 06:00:57 PM) [Round: 0002] Aggregate updated weights of 10 clients...!
[INFO](2022/04/13/ 06:00:57 PM) [Round: 0002] ...updated weights of 10 clients are successfully averaged!
[INFO](2022/04/13/ 06:00:57 PM) [Round: 0002] Aggregate updated weights of 6 clients...!
[INFO](2022/04/13/ 06:00:57 PM) [Round: 0002] ...updated weights of 6 clients of cluster 1 are successfully averaged!
[INFO](2022/04/13/ 06:00:57 PM) [Round: 0002] Aggregate updated weights of 2 clients...!
[INFO](2022/04/13/ 06:00:57 PM) [Round: 0002] ...updated weights of 2 clients of cluster 2 are successfully averaged!
[INFO](2022/04/13/ 06:00:57 PM) [Round: 0002] Aggregate updated weights of 2 clients...!
[INFO](2022/04/13/ 06:00:57 PM) [Round: 0002] ...updated weights of 2 clients of cluster 3 are successfully averaged!
[INFO](2022/04/13/ 06:01:00 PM) [Round: 0002] Evaluate global model's performance...!                
	[Server] ...finished evaluation!                
	=> Loss: 1.7228                
	=> Accuracy: 40.89%

[INFO](2022/04/13/ 06:01:00 PM) [Round: 0003] Select clients...!
[INFO](2022/04/13/ 06:01:00 PM) [Round: 0003] ...successfully transmitted models to 10 selected clients of cluster 1!
[INFO](2022/04/13/ 06:01:00 PM) [Round: 0003] ...successfully transmitted models to 10 selected clients of cluster 2!
[INFO](2022/04/13/ 06:01:00 PM) [Round: 0003] ...successfully transmitted models to 10 selected clients of cluster 3!
[INFO](2022/04/13/ 06:01:00 PM) [Round: 0003] Start updating selected client 0018...!
[INFO](2022/04/13/ 06:01:00 PM) [Round: 0003] Start updating selected client 0042...!
[INFO](2022/04/13/ 06:01:00 PM) [Round: 0003] Start updating selected client 0060...!
[INFO](2022/04/13/ 06:01:00 PM) [Round: 0003] Start updating selected client 0062...!
[INFO](2022/04/13/ 06:01:00 PM) [Round: 0003] Start updating selected client 0068...!
[INFO](2022/04/13/ 06:01:00 PM) [Round: 0003] Start updating selected client 0095...!
[INFO](2022/04/13/ 06:01:00 PM) [Round: 0003] Start updating selected client 0076...!
[INFO](2022/04/13/ 06:01:01 PM) [Round: 0003] Start updating selected client 0016...!
[INFO](2022/04/13/ 06:01:01 PM) [Round: 0003] Start updating selected client 0026...!
[INFO](2022/04/13/ 06:01:01 PM) [Round: 0003] Start updating selected client 0040...!
