[INFO](2022/04/18/ 01:06:38 PM) 
[WELCOME] Unfolding configurations...!
[INFO](2022/04/18/ 01:06:38 PM) {'global_config': {'seed': 5959, 'device': 'cuda', 'is_mp': True}}
[INFO](2022/04/18/ 01:06:38 PM) {'data_config': {'data_path': './data/', 'dataset_name': 'CIFAR10', 'num_shards': 300, 'iid': True}}
[INFO](2022/04/18/ 01:06:38 PM) {'fed_config': {'C': 0.1, 'K': 100, 'R': 100, 'E': 50, 'B': 20, 'NC': 4, 'criterion': 'torch.nn.CrossEntropyLoss', 'optimizer': 'torch.optim.SGD'}}
[INFO](2022/04/18/ 01:06:38 PM) {'optim_config': {'lr': 0.01, 'momentum': 0.9}}
[INFO](2022/04/18/ 01:06:38 PM) {'init_config': {'init_type': 'xavier', 'init_gain': 1.0, 'gpu_ids': [1, 2]}}
[INFO](2022/04/18/ 01:06:38 PM) {'model_config': {'name': 'CNN2', 'in_channels': 3, 'hidden_channels': 32, 'num_hiddens': 512, 'num_classes': 10}}
[INFO](2022/04/18/ 01:06:38 PM) {'log_config': {'log_path': './log/2022-04-18_13:06:35', 'log_name': 'FL.log', 'tb_port': 5252, 'tb_host': '0.0.0.0'}}
[INFO](2022/04/18/ 01:06:44 PM) [Round: 0000] ...successfully initialized model (# parameters: 2456074)!
[INFO](2022/04/18/ 01:06:47 PM) [Round: 0000] ...successfully created all 100 clients!
[INFO](2022/04/18/ 01:06:47 PM) [Round: 0000] ...successfully finished setup of all 100 clients!
[INFO](2022/04/18/ 01:06:47 PM) [Round: 0000] ...successfully transmitted models to all 100 clients!
[INFO](2022/04/18/ 01:06:47 PM) [Round: 0001] Select clients...!
[INFO](2022/04/18/ 01:06:47 PM) [Round: 0001] ...successfully transmitted models to 10 selected clients of cluster 1!
[INFO](2022/04/18/ 01:06:47 PM) [Round: 0001] ...successfully transmitted models to 10 selected clients of cluster 2!
[INFO](2022/04/18/ 01:06:47 PM) [Round: 0001] ...successfully transmitted models to 10 selected clients of cluster 3!
[INFO](2022/04/18/ 01:06:48 PM) [Round: 0001] ...successfully transmitted models to 10 selected clients of cluster 4!
[INFO](2022/04/18/ 01:06:48 PM) [Round: 0001] Start updating selected client 0007...!
[INFO](2022/04/18/ 01:06:48 PM) [Round: 0001] Start updating selected client 0002...!
[INFO](2022/04/18/ 01:06:48 PM) [Round: 0001] Start updating selected client 0013...!
[INFO](2022/04/18/ 01:06:48 PM) [Round: 0001] Start updating selected client 0021...!
[INFO](2022/04/18/ 01:06:48 PM) [Round: 0001] Start updating selected client 0026...!
[INFO](2022/04/18/ 01:06:48 PM) [Round: 0001] Start updating selected client 0062...!
[INFO](2022/04/18/ 01:06:48 PM) [Round: 0001] Start updating selected client 0029...!
[INFO](2022/04/18/ 01:06:49 PM) [Round: 0001] Start updating selected client 0093...!
[INFO](2022/04/18/ 01:06:49 PM) [Round: 0001] Start updating selected client 0074...!
[INFO](2022/04/18/ 01:06:49 PM) [Round: 0001] Start updating selected client 0067...!
