[INFO](2022/04/16/ 10:10:27 PM) 
[WELCOME] Unfolding configurations...!
[INFO](2022/04/16/ 10:10:27 PM) {'global_config': {'seed': 5959, 'device': 'cuda', 'is_mp': True}}
[INFO](2022/04/16/ 10:10:27 PM) {'data_config': {'data_path': './data/', 'dataset_name': 'CIFAR10', 'num_shards': 300, 'iid': True}}
[INFO](2022/04/16/ 10:10:27 PM) {'fed_config': {'C': 0.4, 'K': 100, 'R': 100, 'E': 50, 'B': 20, 'NC': 4, 'criterion': 'torch.nn.CrossEntropyLoss', 'optimizer': 'torch.optim.SGD'}}
[INFO](2022/04/16/ 10:10:27 PM) {'optim_config': {'lr': 0.01, 'momentum': 0.9}}
[INFO](2022/04/16/ 10:10:27 PM) {'init_config': {'init_type': 'xavier', 'init_gain': 1.0, 'gpu_ids': [1, 2]}}
[INFO](2022/04/16/ 10:10:27 PM) {'model_config': {'name': 'CNN2', 'in_channels': 3, 'hidden_channels': 32, 'num_hiddens': 512, 'num_classes': 10}}
[INFO](2022/04/16/ 10:10:27 PM) {'log_config': {'log_path': './log/2022-04-16_22:10:24', 'log_name': 'FL.log', 'tb_port': 5252, 'tb_host': '0.0.0.0'}}
[INFO](2022/04/16/ 10:10:34 PM) [Round: 0000] ...successfully initialized model (# parameters: 2456074)!
[INFO](2022/04/16/ 10:10:36 PM) [Round: 0000] ...successfully created all 100 clients!
[INFO](2022/04/16/ 10:10:36 PM) [Round: 0000] ...successfully finished setup of all 100 clients!
[INFO](2022/04/16/ 10:10:36 PM) [Round: 0000] ...successfully transmitted models to all 100 clients!
[INFO](2022/04/16/ 10:10:36 PM) [Round: 0001] Select clients...!
[INFO](2022/04/16/ 10:10:36 PM) [Round: 0001] ...successfully transmitted models to 40 selected clients of cluster 1!
[INFO](2022/04/16/ 10:10:36 PM) [Round: 0001] ...successfully transmitted models to 40 selected clients of cluster 2!
[INFO](2022/04/16/ 10:10:36 PM) [Round: 0001] ...successfully transmitted models to 40 selected clients of cluster 3!
[INFO](2022/04/16/ 10:10:36 PM) [Round: 0001] ...successfully transmitted models to 40 selected clients of cluster 4!
[INFO](2022/04/16/ 10:10:36 PM) [Round: 0001] Start updating selected client 0001...!
[INFO](2022/04/16/ 10:10:36 PM) [Round: 0001] Start updating selected client 0002...!
[INFO](2022/04/16/ 10:10:36 PM) [Round: 0001] Start updating selected client 0000...!
[INFO](2022/04/16/ 10:10:36 PM) [Round: 0001] Start updating selected client 0003...!
[INFO](2022/04/16/ 10:10:36 PM) [Round: 0001] Start updating selected client 0008...!
[INFO](2022/04/16/ 10:10:36 PM) [Round: 0001] Start updating selected client 0013...!
[INFO](2022/04/16/ 10:10:36 PM) [Round: 0001] Start updating selected client 0012...!
[INFO](2022/04/16/ 10:10:36 PM) [Round: 0001] Start updating selected client 0004...!
[INFO](2022/04/16/ 10:10:36 PM) [Round: 0001] Start updating selected client 0017...!
[INFO](2022/04/16/ 10:10:36 PM) [Round: 0001] Start updating selected client 0006...!
[INFO](2022/04/16/ 10:10:36 PM) [Round: 0001] Start updating selected client 0022...!
