[INFO](2022/04/12/ 04:15:51 PM) 
[WELCOME] Unfolding configurations...!
[INFO](2022/04/12/ 04:15:51 PM) {'global_config': {'seed': 5959, 'device': 'cuda', 'is_mp': True}}
[INFO](2022/04/12/ 04:15:51 PM) {'data_config': {'data_path': './data/', 'dataset_name': 'CIFAR10', 'num_shards': 300, 'iid': True}}
[INFO](2022/04/12/ 04:15:51 PM) {'fed_config': {'C': 0.1, 'K': 100, 'R': 400, 'E': 50, 'B': 20, 'NC': 3, 'criterion': 'torch.nn.CrossEntropyLoss', 'optimizer': 'torch.optim.SGD'}}
[INFO](2022/04/12/ 04:15:51 PM) {'optim_config': {'lr': 0.01, 'momentum': 0.9}}
[INFO](2022/04/12/ 04:15:51 PM) {'init_config': {'init_type': 'xavier', 'init_gain': 1.0, 'gpu_ids': [0, 1, 2]}}
[INFO](2022/04/12/ 04:15:51 PM) {'model_config': {'name': 'CNN2', 'in_channels': 3, 'hidden_channels': 32, 'num_hiddens': 512, 'num_classes': 10}}
[INFO](2022/04/12/ 04:15:51 PM) {'log_config': {'log_path': './log/2022-04-12_16:15:48', 'log_name': 'FL.log', 'tb_port': 5252, 'tb_host': '0.0.0.0'}}
[INFO](2022/04/12/ 04:16:01 PM) [Round: 0000] ...successfully initialized model (# parameters: 2156490)!
[INFO](2022/04/12/ 04:16:03 PM) [Round: 0000] ...successfully created all 100 clients!
[INFO](2022/04/12/ 04:16:03 PM) [Round: 0000] ...successfully finished setup of all 100 clients!
[INFO](2022/04/12/ 04:16:03 PM) [Round: 0000] ...successfully transmitted models to all 100 clients!
[INFO](2022/04/12/ 04:16:03 PM) [Round: 0001] Select clients...!
[INFO](2022/04/12/ 04:16:03 PM) [Round: 0001] ...successfully transmitted models to 10 selected clients!
[INFO](2022/04/12/ 04:16:03 PM) [Round: 0001] Start updating selected client 0010...!
[INFO](2022/04/12/ 04:16:03 PM) [Round: 0001] Start updating selected client 0021...!
[INFO](2022/04/12/ 04:16:03 PM) [Round: 0001] Start updating selected client 0024...!
[INFO](2022/04/12/ 04:16:03 PM) [Round: 0001] Start updating selected client 0073...!
[INFO](2022/04/12/ 04:16:03 PM) [Round: 0001] Start updating selected client 0013...!
[INFO](2022/04/12/ 04:16:03 PM) [Round: 0001] Start updating selected client 0076...!
[INFO](2022/04/12/ 04:16:03 PM) [Round: 0001] Start updating selected client 0092...!
[INFO](2022/04/12/ 04:16:03 PM) [Round: 0001] Start updating selected client 0029...!
[INFO](2022/04/12/ 04:16:03 PM) [Round: 0001] Start updating selected client 0075...!
[INFO](2022/04/12/ 04:16:04 PM) [Round: 0001] Start updating selected client 0042...!
[INFO](2022/04/12/ 04:17:44 PM) [Round: 0001] ...client 0075 is selected and updated (with total sample size: 500)!
[INFO](2022/04/12/ 04:17:44 PM) [Round: 0001] ...client 0076 is selected and updated (with total sample size: 500)!
[INFO](2022/04/12/ 04:17:45 PM) [Round: 0001] ...client 0013 is selected and updated (with total sample size: 500)!
[INFO](2022/04/12/ 04:17:45 PM) [Round: 0001] ...client 0010 is selected and updated (with total sample size: 500)!
[INFO](2022/04/12/ 04:17:46 PM) [Round: 0001] ...client 0073 is selected and updated (with total sample size: 500)!
[INFO](2022/04/12/ 04:17:46 PM) [Round: 0001] ...client 0021 is selected and updated (with total sample size: 500)!
[INFO](2022/04/12/ 04:17:46 PM) [Round: 0001] ...client 0024 is selected and updated (with total sample size: 500)!
[INFO](2022/04/12/ 04:17:47 PM) [Round: 0001] ...client 0029 is selected and updated (with total sample size: 500)!
[INFO](2022/04/12/ 04:17:47 PM) [Round: 0001] ...client 0042 is selected and updated (with total sample size: 500)!
[INFO](2022/04/12/ 04:17:47 PM) [Round: 0001] ...client 0092 is selected and updated (with total sample size: 500)!
[INFO](2022/04/12/ 04:17:47 PM) [Round: 0001] Evaluate selected 10 clients' models...!
[INFO](2022/04/12/ 04:17:50 PM) 	[Client 0024] ...finished evaluation!            
	=> Test loss: 0.0002            
	=> Test accuracy: 100.00%

[INFO](2022/04/12/ 04:17:51 PM) 	[Client 0073] ...finished evaluation!            
	=> Test loss: 0.0003            
	=> Test accuracy: 100.00%

[INFO](2022/04/12/ 04:17:51 PM) 	[Client 0021] ...finished evaluation!            
	=> Test loss: 0.0002            
	=> Test accuracy: 100.00%

[INFO](2022/04/12/ 04:17:51 PM) 	[Client 0010] ...finished evaluation!            
	=> Test loss: 0.0003            
	=> Test accuracy: 100.00%

[INFO](2022/04/12/ 04:17:51 PM) 	[Client 0075] ...finished evaluation!            
	=> Test loss: 0.0002            
	=> Test accuracy: 100.00%

[INFO](2022/04/12/ 04:17:51 PM) 	[Client 0076] ...finished evaluation!            
	=> Test loss: 0.0002            
	=> Test accuracy: 100.00%

[INFO](2022/04/12/ 04:17:51 PM) 	[Client 0042] ...finished evaluation!            
	=> Test loss: 0.0003            
	=> Test accuracy: 100.00%

[INFO](2022/04/12/ 04:17:51 PM) 	[Client 0092] ...finished evaluation!            
	=> Test loss: 0.0003            
	=> Test accuracy: 100.00%

[INFO](2022/04/12/ 04:17:51 PM) 	[Client 0013] ...finished evaluation!            
	=> Test loss: 0.0002            
	=> Test accuracy: 100.00%

[INFO](2022/04/12/ 04:17:51 PM) 	[Client 0029] ...finished evaluation!            
	=> Test loss: 0.0002            
	=> Test accuracy: 100.00%

