[INFO](2022/04/12/ 03:47:38 PM) 
[WELCOME] Unfolding configurations...!
[INFO](2022/04/12/ 03:47:38 PM) {'global_config': {'seed': 5959, 'device': 'cuda', 'is_mp': True}}
[INFO](2022/04/12/ 03:47:38 PM) {'data_config': {'data_path': './data/', 'dataset_name': 'CIFAR10', 'num_shards': 300, 'iid': True}}
[INFO](2022/04/12/ 03:47:38 PM) {'fed_config': {'C': 0.1, 'K': 100, 'R': 400, 'E': 50, 'B': 20, 'criterion': 'torch.nn.CrossEntropyLoss', 'optimizer': 'torch.optim.SGD'}}
[INFO](2022/04/12/ 03:47:38 PM) {'optim_config': {'lr': 0.01, 'momentum': 0.9}}
[INFO](2022/04/12/ 03:47:38 PM) {'init_config': {'init_type': 'xavier', 'init_gain': 1.0, 'gpu_ids': [0, 1, 2]}}
[INFO](2022/04/12/ 03:47:38 PM) {'model_config': {'name': 'CNN2', 'in_channels': 3, 'hidden_channels': 32, 'num_hiddens': 512, 'num_classes': 10}}
[INFO](2022/04/12/ 03:47:38 PM) {'log_config': {'log_path': './log/2022-04-12_15:47:35', 'log_name': 'FL.log', 'tb_port': 5252, 'tb_host': '0.0.0.0'}}
[INFO](2022/04/12/ 03:47:47 PM) [Round: 0000] ...successfully initialized model (# parameters: 2156490)!
[INFO](2022/04/12/ 03:47:49 PM) [Round: 0000] ...successfully created all 100 clients!
[INFO](2022/04/12/ 03:47:49 PM) [Round: 0000] ...successfully finished setup of all 100 clients!
[INFO](2022/04/12/ 03:47:49 PM) [Round: 0000] ...successfully transmitted models to all 100 clients!
[INFO](2022/04/12/ 03:47:49 PM) [Round: 0001] Select clients...!
[INFO](2022/04/12/ 03:47:52 PM) [Round: 0001] ...successfully transmitted models to 10 selected clients!
[INFO](2022/04/12/ 03:47:52 PM) [Round: 0001] Start updating selected client 0039...!
[INFO](2022/04/12/ 03:47:52 PM) [Round: 0001] Start updating selected client 0043...!
[INFO](2022/04/12/ 03:47:52 PM) [Round: 0001] Start updating selected client 0000...!
[INFO](2022/04/12/ 03:47:52 PM) [Round: 0001] Start updating selected client 0073...!
[INFO](2022/04/12/ 03:47:52 PM) [Round: 0001] Start updating selected client 0069...!
[INFO](2022/04/12/ 03:47:52 PM) [Round: 0001] Start updating selected client 0041...!
[INFO](2022/04/12/ 03:47:52 PM) [Round: 0001] Start updating selected client 0056...!
[INFO](2022/04/12/ 03:47:52 PM) [Round: 0001] Start updating selected client 0085...!
[INFO](2022/04/12/ 03:47:52 PM) [Round: 0001] Start updating selected client 0005...!
[INFO](2022/04/12/ 03:47:52 PM) [Round: 0001] Start updating selected client 0080...!
[INFO](2022/04/12/ 03:49:32 PM) [Round: 0001] ...client 0080 is selected and updated (with total sample size: 500)!
[INFO](2022/04/12/ 03:49:32 PM) [Round: 0001] ...client 0056 is selected and updated (with total sample size: 500)!
[INFO](2022/04/12/ 03:49:33 PM) [Round: 0001] ...client 0069 is selected and updated (with total sample size: 500)!
[INFO](2022/04/12/ 03:49:33 PM) [Round: 0001] ...client 0073 is selected and updated (with total sample size: 500)!
[INFO](2022/04/12/ 03:49:33 PM) [Round: 0001] ...client 0043 is selected and updated (with total sample size: 500)!
[INFO](2022/04/12/ 03:49:34 PM) [Round: 0001] ...client 0085 is selected and updated (with total sample size: 500)!
[INFO](2022/04/12/ 03:49:34 PM) [Round: 0001] ...client 0005 is selected and updated (with total sample size: 500)!
[INFO](2022/04/12/ 03:49:34 PM) [Round: 0001] ...client 0039 is selected and updated (with total sample size: 500)!
[INFO](2022/04/12/ 03:49:35 PM) [Round: 0001] ...client 0000 is selected and updated (with total sample size: 500)!
[INFO](2022/04/12/ 03:49:35 PM) [Round: 0001] ...client 0041 is selected and updated (with total sample size: 500)!
[INFO](2022/04/12/ 03:49:35 PM) [Round: 0001] Evaluate selected 10 clients' models...!
[INFO](2022/04/12/ 03:49:37 PM) 	[Client 0005] ...finished evaluation!            
	=> Test loss: 0.0003            
	=> Test accuracy: 100.00%

[INFO](2022/04/12/ 03:49:37 PM) 	[Client 0043] ...finished evaluation!            
	=> Test loss: 0.0002            
	=> Test accuracy: 100.00%

[INFO](2022/04/12/ 03:49:37 PM) 	[Client 0000] ...finished evaluation!            
	=> Test loss: 0.0002            
	=> Test accuracy: 100.00%

[INFO](2022/04/12/ 03:49:37 PM) 	[Client 0080] ...finished evaluation!            
	=> Test loss: 0.0002            
	=> Test accuracy: 100.00%

[INFO](2022/04/12/ 03:49:37 PM) 	[Client 0041] ...finished evaluation!            
	=> Test loss: 0.0002            
	=> Test accuracy: 100.00%

[INFO](2022/04/12/ 03:49:37 PM) 	[Client 0056] ...finished evaluation!            
	=> Test loss: 0.0002            
	=> Test accuracy: 100.00%

[INFO](2022/04/12/ 03:49:37 PM) 	[Client 0073] ...finished evaluation!            
	=> Test loss: 0.0002            
	=> Test accuracy: 100.00%

[INFO](2022/04/12/ 03:49:37 PM) 	[Client 0069] ...finished evaluation!            
	=> Test loss: 0.0002            
	=> Test accuracy: 100.00%

[INFO](2022/04/12/ 03:49:37 PM) 	[Client 0039] ...finished evaluation!            
	=> Test loss: 0.0002            
	=> Test accuracy: 100.00%

[INFO](2022/04/12/ 03:49:37 PM) 	[Client 0085] ...finished evaluation!            
	=> Test loss: 0.0003            
	=> Test accuracy: 100.00%

[INFO](2022/04/12/ 03:49:37 PM) [Round: 0001] Aggregate updated weights of 10 clients...!
[INFO](2022/04/12/ 03:49:37 PM) [Round: 0001] ...updated weights of 10 clients are successfully averaged!
[INFO](2022/04/12/ 03:49:43 PM) [Round: 0001] Evaluate global model's performance...!                
	[Server] ...finished evaluation!                
	=> Loss: 2.2586                
	=> Accuracy: 43.65%

[INFO](2022/04/12/ 03:49:43 PM) [Round: 0002] Select clients...!
[INFO](2022/04/12/ 03:49:43 PM) [Round: 0002] ...successfully transmitted models to 10 selected clients!
[INFO](2022/04/12/ 03:49:43 PM) [Round: 0002] Start updating selected client 0006...!
[INFO](2022/04/12/ 03:49:43 PM) [Round: 0002] Start updating selected client 0038...!
[INFO](2022/04/12/ 03:49:43 PM) [Round: 0002] Start updating selected client 0043...!
[INFO](2022/04/12/ 03:49:43 PM) [Round: 0002] Start updating selected client 0039...!
[INFO](2022/04/12/ 03:49:43 PM) [Round: 0002] Start updating selected client 0071...!
[INFO](2022/04/12/ 03:49:43 PM) [Round: 0002] Start updating selected client 0060...!
[INFO](2022/04/12/ 03:49:43 PM) [Round: 0002] Start updating selected client 0051...!
[INFO](2022/04/12/ 03:49:43 PM) [Round: 0002] Start updating selected client 0095...!
[INFO](2022/04/12/ 03:49:43 PM) [Round: 0002] Start updating selected client 0091...!
[INFO](2022/04/12/ 03:49:43 PM) [Round: 0002] Start updating selected client 0083...!
[INFO](2022/04/12/ 03:51:27 PM) [Round: 0002] ...client 0006 is selected and updated (with total sample size: 500)!
[INFO](2022/04/12/ 03:51:28 PM) [Round: 0002] ...client 0038 is selected and updated (with total sample size: 500)!
[INFO](2022/04/12/ 03:51:28 PM) [Round: 0002] ...client 0043 is selected and updated (with total sample size: 500)!
[INFO](2022/04/12/ 03:51:28 PM) [Round: 0002] ...client 0071 is selected and updated (with total sample size: 500)!
[INFO](2022/04/12/ 03:51:28 PM) [Round: 0002] ...client 0039 is selected and updated (with total sample size: 500)!
[INFO](2022/04/12/ 03:51:29 PM) [Round: 0002] ...client 0060 is selected and updated (with total sample size: 500)!
[INFO](2022/04/12/ 03:51:29 PM) [Round: 0002] ...client 0051 is selected and updated (with total sample size: 500)!
[INFO](2022/04/12/ 03:51:30 PM) [Round: 0002] ...client 0083 is selected and updated (with total sample size: 500)!
[INFO](2022/04/12/ 03:51:30 PM) [Round: 0002] ...client 0091 is selected and updated (with total sample size: 500)!
[INFO](2022/04/12/ 03:51:30 PM) [Round: 0002] ...client 0095 is selected and updated (with total sample size: 500)!
[INFO](2022/04/12/ 03:51:30 PM) [Round: 0002] Evaluate selected 10 clients' models...!
[INFO](2022/04/12/ 03:51:32 PM) 	[Client 0095] ...finished evaluation!            
	=> Test loss: 0.0002            
	=> Test accuracy: 100.00%

[INFO](2022/04/12/ 03:51:32 PM) 	[Client 0043] ...finished evaluation!            
	=> Test loss: 0.0002            
	=> Test accuracy: 100.00%

[INFO](2022/04/12/ 03:51:32 PM) 	[Client 0038] ...finished evaluation!            
	=> Test loss: 0.0003            
	=> Test accuracy: 100.00%

[INFO](2022/04/12/ 03:51:32 PM) 	[Client 0060] ...finished evaluation!            
	=> Test loss: 0.0002            
	=> Test accuracy: 100.00%

[INFO](2022/04/12/ 03:51:32 PM) 	[Client 0051] ...finished evaluation!            
	=> Test loss: 0.0003            
	=> Test accuracy: 100.00%

[INFO](2022/04/12/ 03:51:32 PM) 	[Client 0039] ...finished evaluation!            
	=> Test loss: 0.0002            
	=> Test accuracy: 100.00%

[INFO](2022/04/12/ 03:51:32 PM) 	[Client 0091] ...finished evaluation!            
	=> Test loss: 0.0002            
	=> Test accuracy: 100.00%

[INFO](2022/04/12/ 03:51:33 PM) 	[Client 0083] ...finished evaluation!            
	=> Test loss: 0.0003            
	=> Test accuracy: 100.00%

[INFO](2022/04/12/ 03:51:33 PM) 	[Client 0071] ...finished evaluation!            
	=> Test loss: 0.0003            
	=> Test accuracy: 100.00%

[INFO](2022/04/12/ 03:51:33 PM) 	[Client 0006] ...finished evaluation!            
	=> Test loss: 0.0002            
	=> Test accuracy: 100.00%

[INFO](2022/04/12/ 03:51:33 PM) [Round: 0002] Aggregate updated weights of 10 clients...!
[INFO](2022/04/12/ 03:51:33 PM) [Round: 0002] ...updated weights of 10 clients are successfully averaged!
[INFO](2022/04/12/ 03:51:38 PM) [Round: 0002] Evaluate global model's performance...!                
	[Server] ...finished evaluation!                
	=> Loss: 1.8061                
	=> Accuracy: 47.47%

[INFO](2022/04/12/ 03:51:38 PM) [Round: 0003] Select clients...!
[INFO](2022/04/12/ 03:51:39 PM) [Round: 0003] ...successfully transmitted models to 10 selected clients!
[INFO](2022/04/12/ 03:51:39 PM) [Round: 0003] Start updating selected client 0006...!
[INFO](2022/04/12/ 03:51:39 PM) [Round: 0003] Start updating selected client 0025...!
[INFO](2022/04/12/ 03:51:39 PM) [Round: 0003] Start updating selected client 0023...!
[INFO](2022/04/12/ 03:51:39 PM) [Round: 0003] Start updating selected client 0048...!
[INFO](2022/04/12/ 03:51:39 PM) [Round: 0003] Start updating selected client 0033...!
[INFO](2022/04/12/ 03:51:39 PM) [Round: 0003] Start updating selected client 0073...!
[INFO](2022/04/12/ 03:51:39 PM) [Round: 0003] Start updating selected client 0083...!
[INFO](2022/04/12/ 03:51:39 PM) [Round: 0003] Start updating selected client 0028...!
[INFO](2022/04/12/ 03:51:39 PM) [Round: 0003] Start updating selected client 0049...!
[INFO](2022/04/12/ 03:51:39 PM) [Round: 0003] Start updating selected client 0057...!
[INFO](2022/04/12/ 03:53:24 PM) [Round: 0003] ...client 0023 is selected and updated (with total sample size: 500)!
[INFO](2022/04/12/ 03:53:25 PM) [Round: 0003] ...client 0025 is selected and updated (with total sample size: 500)!
[INFO](2022/04/12/ 03:53:25 PM) [Round: 0003] ...client 0033 is selected and updated (with total sample size: 500)!
[INFO](2022/04/12/ 03:53:26 PM) [Round: 0003] ...client 0006 is selected and updated (with total sample size: 500)!
[INFO](2022/04/12/ 03:53:26 PM) [Round: 0003] ...client 0048 is selected and updated (with total sample size: 500)!
[INFO](2022/04/12/ 03:53:27 PM) [Round: 0003] ...client 0028 is selected and updated (with total sample size: 500)!
[INFO](2022/04/12/ 03:53:27 PM) [Round: 0003] ...client 0083 is selected and updated (with total sample size: 500)!
[INFO](2022/04/12/ 03:53:27 PM) [Round: 0003] ...client 0049 is selected and updated (with total sample size: 500)!
[INFO](2022/04/12/ 03:53:28 PM) [Round: 0003] ...client 0057 is selected and updated (with total sample size: 500)!
[INFO](2022/04/12/ 03:53:28 PM) [Round: 0003] ...client 0073 is selected and updated (with total sample size: 500)!
[INFO](2022/04/12/ 03:53:28 PM) [Round: 0003] Evaluate selected 10 clients' models...!
[INFO](2022/04/12/ 03:53:30 PM) 	[Client 0083] ...finished evaluation!            
	=> Test loss: 0.0002            
	=> Test accuracy: 100.00%

[INFO](2022/04/12/ 03:53:30 PM) 	[Client 0049] ...finished evaluation!            
	=> Test loss: 0.0002            
	=> Test accuracy: 100.00%

[INFO](2022/04/12/ 03:53:30 PM) 	[Client 0048] ...finished evaluation!            
	=> Test loss: 0.0002            
	=> Test accuracy: 100.00%

[INFO](2022/04/12/ 03:53:30 PM) 	[Client 0073] ...finished evaluation!            
	=> Test loss: 0.0002            
	=> Test accuracy: 100.00%

[INFO](2022/04/12/ 03:53:30 PM) 	[Client 0025] ...finished evaluation!            
	=> Test loss: 0.0002            
	=> Test accuracy: 100.00%

[INFO](2022/04/12/ 03:53:30 PM) 	[Client 0006] ...finished evaluation!            
	=> Test loss: 0.0002            
	=> Test accuracy: 100.00%

[INFO](2022/04/12/ 03:53:30 PM) 	[Client 0057] ...finished evaluation!            
	=> Test loss: 0.0003            
	=> Test accuracy: 100.00%

[INFO](2022/04/12/ 03:53:30 PM) 	[Client 0023] ...finished evaluation!            
	=> Test loss: 0.0003            
	=> Test accuracy: 100.00%

[INFO](2022/04/12/ 03:53:30 PM) 	[Client 0033] ...finished evaluation!            
	=> Test loss: 0.0003            
	=> Test accuracy: 100.00%

[INFO](2022/04/12/ 03:53:30 PM) 	[Client 0028] ...finished evaluation!            
	=> Test loss: 0.0002            
	=> Test accuracy: 100.00%

[INFO](2022/04/12/ 03:53:30 PM) [Round: 0003] Aggregate updated weights of 10 clients...!
[INFO](2022/04/12/ 03:53:30 PM) [Round: 0003] ...updated weights of 10 clients are successfully averaged!
[INFO](2022/04/12/ 03:53:36 PM) [Round: 0003] Evaluate global model's performance...!                
	[Server] ...finished evaluation!                
	=> Loss: 1.8515                
	=> Accuracy: 50.08%

[INFO](2022/04/12/ 03:53:36 PM) [Round: 0004] Select clients...!
[INFO](2022/04/12/ 03:53:36 PM) [Round: 0004] ...successfully transmitted models to 10 selected clients!
[INFO](2022/04/12/ 03:53:36 PM) [Round: 0004] Start updating selected client 0000...!
[INFO](2022/04/12/ 03:53:36 PM) [Round: 0004] Start updating selected client 0001...!
[INFO](2022/04/12/ 03:53:36 PM) [Round: 0004] Start updating selected client 0003...!
[INFO](2022/04/12/ 03:53:36 PM) [Round: 0004] Start updating selected client 0017...!
[INFO](2022/04/12/ 03:53:36 PM) [Round: 0004] Start updating selected client 0033...!
[INFO](2022/04/12/ 03:53:36 PM) [Round: 0004] Start updating selected client 0004...!
[INFO](2022/04/12/ 03:53:36 PM) [Round: 0004] Start updating selected client 0087...!
[INFO](2022/04/12/ 03:53:36 PM) [Round: 0004] Start updating selected client 0083...!
[INFO](2022/04/12/ 03:53:36 PM) [Round: 0004] Start updating selected client 0084...!
[INFO](2022/04/12/ 03:53:36 PM) [Round: 0004] Start updating selected client 0093...!
