[INFO](2022/03/31/ 08:35:56 AM) 
[WELCOME] Unfolding configurations...!
[INFO](2022/03/31/ 08:35:56 AM) {'global_config': {'seed': 5959, 'device': 'cuda', 'is_mp': True}}
[INFO](2022/03/31/ 08:35:56 AM) {'data_config': {'data_path': './data/', 'dataset_name': 'CIFAR10', 'num_shards': 300, 'iid': True}}
[INFO](2022/03/31/ 08:35:56 AM) {'fed_config': {'C': 0.1, 'K': 100, 'R': 400, 'E': 50, 'B': 20, 'criterion': 'torch.nn.CrossEntropyLoss', 'optimizer': 'torch.optim.SGD'}}
[INFO](2022/03/31/ 08:35:56 AM) {'optim_config': {'lr': 0.01, 'momentum': 0.9}}
[INFO](2022/03/31/ 08:35:56 AM) {'init_config': {'init_type': 'xavier', 'init_gain': 1.0, 'gpu_ids': [0, 1, 2]}}
[INFO](2022/03/31/ 08:35:56 AM) {'model_config': {'name': 'CNN2', 'in_channels': 3, 'hidden_channels': 32, 'num_hiddens': 512, 'num_classes': 10}}
[INFO](2022/03/31/ 08:35:56 AM) {'log_config': {'log_path': './log/2022-03-31_08:35:53', 'log_name': 'FL.log', 'tb_port': 5252, 'tb_host': '0.0.0.0'}}
[INFO](2022/03/31/ 08:35:58 AM) [Round: 0000] ...successfully initialized model (# parameters: 2156490)!
[INFO](2022/03/31/ 08:35:59 AM) [Round: 0000] ...successfully created all 100 clients!
[INFO](2022/03/31/ 08:35:59 AM) [Round: 0000] ...successfully finished setup of all 100 clients!
[INFO](2022/03/31/ 08:35:59 AM) [Round: 0000] ...successfully transmitted models to all 100 clients!
[INFO](2022/03/31/ 08:35:59 AM) [Round: 0001] Select clients...!
[INFO](2022/03/31/ 08:36:00 AM) [Round: 0001] ...successfully transmitted models to 10 selected clients!
[INFO](2022/03/31/ 08:36:00 AM) [Round: 0001] Start updating selected client 0011...!
[INFO](2022/03/31/ 08:36:00 AM) [Round: 0001] Start updating selected client 0003...!
[INFO](2022/03/31/ 08:36:00 AM) [Round: 0001] Start updating selected client 0012...!
[INFO](2022/03/31/ 08:36:00 AM) [Round: 0001] Start updating selected client 0027...!
[INFO](2022/03/31/ 08:36:00 AM) [Round: 0001] Start updating selected client 0071...!
[INFO](2022/03/31/ 08:36:00 AM) [Round: 0001] Start updating selected client 0051...!
[INFO](2022/03/31/ 08:36:00 AM) [Round: 0001] Start updating selected client 0099...!
[INFO](2022/03/31/ 08:36:00 AM) [Round: 0001] Start updating selected client 0076...!
[INFO](2022/03/31/ 08:36:00 AM) [Round: 0001] Start updating selected client 0082...!
[INFO](2022/03/31/ 08:36:00 AM) [Round: 0001] Start updating selected client 0026...!
[INFO](2022/03/31/ 08:38:06 AM) [Round: 0001] ...client 0027 is selected and updated (with total sample size: 500)!
[INFO](2022/03/31/ 08:38:07 AM) [Round: 0001] ...client 0099 is selected and updated (with total sample size: 500)!
[INFO](2022/03/31/ 08:38:07 AM) [Round: 0001] ...client 0071 is selected and updated (with total sample size: 500)!
[INFO](2022/03/31/ 08:38:07 AM) [Round: 0001] ...client 0051 is selected and updated (with total sample size: 500)!
[INFO](2022/03/31/ 08:38:07 AM) [Round: 0001] ...client 0026 is selected and updated (with total sample size: 500)!
[INFO](2022/03/31/ 08:38:07 AM) [Round: 0001] ...client 0082 is selected and updated (with total sample size: 500)!
[INFO](2022/03/31/ 08:38:08 AM) [Round: 0001] ...client 0012 is selected and updated (with total sample size: 500)!
[INFO](2022/03/31/ 08:38:08 AM) [Round: 0001] ...client 0076 is selected and updated (with total sample size: 500)!
[INFO](2022/03/31/ 08:38:08 AM) [Round: 0001] ...client 0011 is selected and updated (with total sample size: 500)!
[INFO](2022/03/31/ 08:38:08 AM) [Round: 0001] ...client 0003 is selected and updated (with total sample size: 500)!
[INFO](2022/03/31/ 08:38:08 AM) [Round: 0001] Evaluate selected 10 clients' models...!
[INFO](2022/03/31/ 08:38:10 AM) 	[Client 0082] ...finished evaluation!            
	=> Test loss: 0.0002            
	=> Test accuracy: 100.00%

[INFO](2022/03/31/ 08:38:10 AM) 	[Client 0011] ...finished evaluation!            
	=> Test loss: 0.0003            
	=> Test accuracy: 100.00%

[INFO](2022/03/31/ 08:38:10 AM) 	[Client 0071] ...finished evaluation!            
	=> Test loss: 0.0002            
	=> Test accuracy: 100.00%

[INFO](2022/03/31/ 08:38:10 AM) 	[Client 0051] ...finished evaluation!            
	=> Test loss: 0.0003            
	=> Test accuracy: 100.00%

[INFO](2022/03/31/ 08:38:10 AM) 	[Client 0012] ...finished evaluation!            
	=> Test loss: 0.0003            
	=> Test accuracy: 100.00%

[INFO](2022/03/31/ 08:38:10 AM) 	[Client 0076] ...finished evaluation!            
	=> Test loss: 0.0002            
	=> Test accuracy: 100.00%

[INFO](2022/03/31/ 08:38:10 AM) 	[Client 0027] ...finished evaluation!            
	=> Test loss: 0.0003            
	=> Test accuracy: 100.00%

[INFO](2022/03/31/ 08:38:10 AM) 	[Client 0003] ...finished evaluation!            
	=> Test loss: 0.0002            
	=> Test accuracy: 100.00%

[INFO](2022/03/31/ 08:38:10 AM) 	[Client 0026] ...finished evaluation!            
	=> Test loss: 0.0003            
	=> Test accuracy: 100.00%

[INFO](2022/03/31/ 08:38:11 AM) 	[Client 0099] ...finished evaluation!            
	=> Test loss: 0.0002            
	=> Test accuracy: 100.00%

[INFO](2022/03/31/ 08:38:11 AM) [Round: 0001] Aggregate updated weights of 10 clients...!
[INFO](2022/03/31/ 08:38:11 AM) [Round: 0001] ...updated weights of 10 clients are successfully averaged!
[INFO](2022/03/31/ 08:38:14 AM) [Round: 0001] Evaluate global model's performance...!                
	[Server] ...finished evaluation!                
	=> Loss: 2.1718                
	=> Accuracy: 44.14%

[INFO](2022/03/31/ 08:38:14 AM) [Round: 0002] Select clients...!
[INFO](2022/03/31/ 08:38:14 AM) [Round: 0002] ...successfully transmitted models to 10 selected clients!
[INFO](2022/03/31/ 08:38:14 AM) [Round: 0002] Start updating selected client 0010...!
[INFO](2022/03/31/ 08:38:14 AM) [Round: 0002] Start updating selected client 0032...!
[INFO](2022/03/31/ 08:38:14 AM) [Round: 0002] Start updating selected client 0033...!
[INFO](2022/03/31/ 08:38:14 AM) [Round: 0002] Start updating selected client 0034...!
[INFO](2022/03/31/ 08:38:14 AM) [Round: 0002] Start updating selected client 0037...!
[INFO](2022/03/31/ 08:38:14 AM) [Round: 0002] Start updating selected client 0048...!
[INFO](2022/03/31/ 08:38:14 AM) [Round: 0002] Start updating selected client 0060...!
[INFO](2022/03/31/ 08:38:14 AM) [Round: 0002] Start updating selected client 0065...!
[INFO](2022/03/31/ 08:38:14 AM) [Round: 0002] Start updating selected client 0086...!
[INFO](2022/03/31/ 08:38:15 AM) [Round: 0002] Start updating selected client 0058...!
