[INFO](2022/03/24/ 10:23:41 PM) 
[WELCOME] Unfolding configurations...!
[INFO](2022/03/24/ 10:23:41 PM) {'global_config': {'seed': 5959, 'device': 'cuda', 'is_mp': True}}
[INFO](2022/03/24/ 10:23:41 PM) {'data_config': {'data_path': './data/', 'dataset_name': 'CIFAR10', 'num_shards': 200, 'iid': False}}
[INFO](2022/03/24/ 10:23:41 PM) {'fed_config': {'C': 0.1, 'K': 100, 'R': 500, 'E': 10, 'B': 10, 'criterion': 'torch.nn.CrossEntropyLoss', 'optimizer': 'torch.optim.SGD'}}
[INFO](2022/03/24/ 10:23:41 PM) {'optim_config': {'lr': 0.01, 'momentum': 0.9}}
[INFO](2022/03/24/ 10:23:41 PM) {'init_config': {'init_type': 'xavier', 'init_gain': 1.0, 'gpu_ids': [0, 1, 2]}}
[INFO](2022/03/24/ 10:23:41 PM) {'model_config': {'name': 'CNN', 'in_channels': 3, 'hidden_channels': 32, 'num_hiddens': 512, 'num_classes': 10}}
[INFO](2022/03/24/ 10:23:41 PM) {'log_config': {'log_path': './log/2022-03-24_22:23:38', 'log_name': 'FL.log', 'tb_port': 5252, 'tb_host': '0.0.0.0'}}
[INFO](2022/03/24/ 10:23:43 PM) [Round: 0000] ...successfully initialized model (# parameters: 1664352)!
[INFO](2022/03/24/ 10:23:44 PM) [Round: 0000] ...successfully created all 100 clients!
[INFO](2022/03/24/ 10:23:44 PM) [Round: 0000] ...successfully finished setup of all 100 clients!
[INFO](2022/03/24/ 10:23:44 PM) [Round: 0000] ...successfully transmitted models to all 100 clients!
[INFO](2022/03/24/ 10:23:44 PM) [Round: 0001] Select clients...!
[INFO](2022/03/24/ 10:23:44 PM) [Round: 0001] ...successfully transmitted models to 10 selected clients!
[INFO](2022/03/24/ 10:23:44 PM) [Round: 0001] Start updating selected client 0018...!
[INFO](2022/03/24/ 10:23:44 PM) [Round: 0001] Start updating selected client 0045...!
[INFO](2022/03/24/ 10:23:44 PM) [Round: 0001] Start updating selected client 0056...!
[INFO](2022/03/24/ 10:23:44 PM) [Round: 0001] Start updating selected client 0052...!
[INFO](2022/03/24/ 10:23:45 PM) [Round: 0001] Start updating selected client 0074...!
[INFO](2022/03/24/ 10:23:45 PM) [Round: 0001] Start updating selected client 0090...!
[INFO](2022/03/24/ 10:23:45 PM) [Round: 0001] Start updating selected client 0070...!
[INFO](2022/03/24/ 10:23:45 PM) [Round: 0001] Start updating selected client 0059...!
[INFO](2022/03/24/ 10:23:45 PM) [Round: 0001] Start updating selected client 0057...!
[INFO](2022/03/24/ 10:23:45 PM) [Round: 0001] Start updating selected client 0097...!
