[INFO](2022/04/16/ 10:12:09 PM) 
[WELCOME] Unfolding configurations...!
[INFO](2022/04/16/ 10:12:09 PM) {'global_config': {'seed': 5959, 'device': 'cuda', 'is_mp': True}}
[INFO](2022/04/16/ 10:12:09 PM) {'data_config': {'data_path': './data/', 'dataset_name': 'CIFAR10', 'num_shards': 300, 'iid': True}}
[INFO](2022/04/16/ 10:12:09 PM) {'fed_config': {'C': 0.4, 'K': 100, 'R': 100, 'E': 50, 'B': 20, 'NC': 4, 'criterion': 'torch.nn.CrossEntropyLoss', 'optimizer': 'torch.optim.SGD'}}
[INFO](2022/04/16/ 10:12:09 PM) {'optim_config': {'lr': 0.01, 'momentum': 0.9}}
[INFO](2022/04/16/ 10:12:09 PM) {'init_config': {'init_type': 'xavier', 'init_gain': 1.0, 'gpu_ids': [1, 2]}}
[INFO](2022/04/16/ 10:12:09 PM) {'model_config': {'name': 'CNN2', 'in_channels': 3, 'hidden_channels': 32, 'num_hiddens': 512, 'num_classes': 10}}
[INFO](2022/04/16/ 10:12:09 PM) {'log_config': {'log_path': './log/2022-04-16_22:12:06', 'log_name': 'FL.log', 'tb_port': 5252, 'tb_host': '0.0.0.0'}}
[INFO](2022/04/16/ 10:12:12 PM) [Round: 0000] ...successfully initialized model (# parameters: 2456074)!
[INFO](2022/04/16/ 10:12:13 PM) [Round: 0000] ...successfully created all 100 clients!
[INFO](2022/04/16/ 10:12:13 PM) [Round: 0000] ...successfully finished setup of all 100 clients!
[INFO](2022/04/16/ 10:12:13 PM) [Round: 0000] ...successfully transmitted models to all 100 clients!
[INFO](2022/04/16/ 10:12:13 PM) [Round: 0001] Select clients...!
[INFO](2022/04/16/ 10:12:13 PM) [Round: 0001] ...successfully transmitted models to 40 selected clients of cluster 1!
[INFO](2022/04/16/ 10:12:14 PM) [Round: 0001] ...successfully transmitted models to 40 selected clients of cluster 2!
[INFO](2022/04/16/ 10:12:14 PM) [Round: 0001] ...successfully transmitted models to 40 selected clients of cluster 3!
[INFO](2022/04/16/ 10:12:14 PM) [Round: 0001] ...successfully transmitted models to 40 selected clients of cluster 4!
[INFO](2022/04/16/ 10:12:14 PM) [Round: 0001] Start updating selected client 0005...!
[INFO](2022/04/16/ 10:12:14 PM) [Round: 0001] Start updating selected client 0006...!
[INFO](2022/04/16/ 10:12:14 PM) [Round: 0001] Start updating selected client 0002...!
[INFO](2022/04/16/ 10:12:14 PM) [Round: 0001] Start updating selected client 0016...!
[INFO](2022/04/16/ 10:12:14 PM) [Round: 0001] Start updating selected client 0019...!
[INFO](2022/04/16/ 10:12:14 PM) [Round: 0001] Start updating selected client 0009...!
[INFO](2022/04/16/ 10:12:14 PM) [Round: 0001] Start updating selected client 0011...!
[INFO](2022/04/16/ 10:12:14 PM) [Round: 0001] Start updating selected client 0018...!
[INFO](2022/04/16/ 10:12:14 PM) [Round: 0001] Start updating selected client 0024...!
[INFO](2022/04/16/ 10:12:14 PM) [Round: 0001] Start updating selected client 0010...!
[INFO](2022/04/16/ 10:12:14 PM) [Round: 0001] Start updating selected client 0014...!
[INFO](2022/04/16/ 10:13:42 PM) [Round: 0001] ...client 0024 is selected and updated (with total sample size: 500)!
[INFO](2022/04/16/ 10:13:42 PM) [Round: 0001] Start updating selected client 0026...!
[INFO](2022/04/16/ 10:13:43 PM) [Round: 0001] ...client 0011 is selected and updated (with total sample size: 500)!
[INFO](2022/04/16/ 10:13:43 PM) [Round: 0001] Start updating selected client 0027...!
[INFO](2022/04/16/ 10:13:45 PM) [Round: 0001] ...client 0005 is selected and updated (with total sample size: 500)!
[INFO](2022/04/16/ 10:13:45 PM) [Round: 0001] Start updating selected client 0030...!
[INFO](2022/04/16/ 10:13:45 PM) [Round: 0001] ...client 0018 is selected and updated (with total sample size: 500)!
[INFO](2022/04/16/ 10:13:45 PM) [Round: 0001] Start updating selected client 0031...!
[INFO](2022/04/16/ 10:13:46 PM) [Round: 0001] ...client 0019 is selected and updated (with total sample size: 500)!
[INFO](2022/04/16/ 10:13:46 PM) [Round: 0001] Start updating selected client 0036...!
[INFO](2022/04/16/ 10:13:48 PM) [Round: 0001] ...client 0002 is selected and updated (with total sample size: 500)!
[INFO](2022/04/16/ 10:13:48 PM) [Round: 0001] Start updating selected client 0037...!
[INFO](2022/04/16/ 10:13:49 PM) [Round: 0001] ...client 0010 is selected and updated (with total sample size: 500)!
[INFO](2022/04/16/ 10:13:49 PM) [Round: 0001] Start updating selected client 0038...!
[INFO](2022/04/16/ 10:13:50 PM) [Round: 0001] ...client 0009 is selected and updated (with total sample size: 500)!
[INFO](2022/04/16/ 10:13:50 PM) [Round: 0001] Start updating selected client 0039...!
[INFO](2022/04/16/ 10:13:51 PM) [Round: 0001] ...client 0016 is selected and updated (with total sample size: 500)!
[INFO](2022/04/16/ 10:13:51 PM) [Round: 0001] Start updating selected client 0040...!
[INFO](2022/04/16/ 10:13:53 PM) [Round: 0001] ...client 0006 is selected and updated (with total sample size: 500)!
[INFO](2022/04/16/ 10:13:53 PM) [Round: 0001] Start updating selected client 0042...!
[INFO](2022/04/16/ 10:13:54 PM) [Round: 0001] ...client 0014 is selected and updated (with total sample size: 500)!
[INFO](2022/04/16/ 10:13:54 PM) [Round: 0001] Start updating selected client 0045...!
[INFO](2022/04/16/ 10:15:09 PM) [Round: 0001] ...client 0026 is selected and updated (with total sample size: 500)!
[INFO](2022/04/16/ 10:15:09 PM) [Round: 0001] Start updating selected client 0050...!
[INFO](2022/04/16/ 10:15:11 PM) [Round: 0001] ...client 0027 is selected and updated (with total sample size: 500)!
[INFO](2022/04/16/ 10:15:11 PM) [Round: 0001] Start updating selected client 0054...!
[INFO](2022/04/16/ 10:15:14 PM) [Round: 0001] ...client 0030 is selected and updated (with total sample size: 500)!
[INFO](2022/04/16/ 10:15:14 PM) [Round: 0001] Start updating selected client 0061...!
[INFO](2022/04/16/ 10:15:14 PM) [Round: 0001] ...client 0031 is selected and updated (with total sample size: 500)!
[INFO](2022/04/16/ 10:15:14 PM) [Round: 0001] Start updating selected client 0062...!
[INFO](2022/04/16/ 10:15:16 PM) [Round: 0001] ...client 0036 is selected and updated (with total sample size: 500)!
[INFO](2022/04/16/ 10:15:16 PM) [Round: 0001] Start updating selected client 0066...!
[INFO](2022/04/16/ 10:15:17 PM) [Round: 0001] ...client 0037 is selected and updated (with total sample size: 500)!
[INFO](2022/04/16/ 10:15:17 PM) [Round: 0001] Start updating selected client 0072...!
[INFO](2022/04/16/ 10:15:19 PM) [Round: 0001] ...client 0038 is selected and updated (with total sample size: 500)!
[INFO](2022/04/16/ 10:15:19 PM) [Round: 0001] Start updating selected client 0075...!
[INFO](2022/04/16/ 10:15:21 PM) [Round: 0001] ...client 0039 is selected and updated (with total sample size: 500)!
[INFO](2022/04/16/ 10:15:21 PM) [Round: 0001] Start updating selected client 0076...!
[INFO](2022/04/16/ 10:15:22 PM) [Round: 0001] ...client 0040 is selected and updated (with total sample size: 500)!
[INFO](2022/04/16/ 10:15:22 PM) [Round: 0001] Start updating selected client 0080...!
[INFO](2022/04/16/ 10:15:25 PM) [Round: 0001] ...client 0042 is selected and updated (with total sample size: 500)!
[INFO](2022/04/16/ 10:15:25 PM) [Round: 0001] Start updating selected client 0084...!
[INFO](2022/04/16/ 10:15:27 PM) [Round: 0001] ...client 0045 is selected and updated (with total sample size: 500)!
[INFO](2022/04/16/ 10:15:27 PM) [Round: 0001] Start updating selected client 0086...!
[INFO](2022/04/16/ 10:16:44 PM) [Round: 0001] ...client 0050 is selected and updated (with total sample size: 500)!
[INFO](2022/04/16/ 10:16:44 PM) [Round: 0001] Start updating selected client 0088...!
[INFO](2022/04/16/ 10:16:48 PM) [Round: 0001] ...client 0054 is selected and updated (with total sample size: 500)!
[INFO](2022/04/16/ 10:16:48 PM) [Round: 0001] Start updating selected client 0089...!
[INFO](2022/04/16/ 10:16:51 PM) [Round: 0001] ...client 0061 is selected and updated (with total sample size: 500)!
[INFO](2022/04/16/ 10:16:51 PM) [Round: 0001] Start updating selected client 0092...!
[INFO](2022/04/16/ 10:16:52 PM) [Round: 0001] ...client 0062 is selected and updated (with total sample size: 500)!
[INFO](2022/04/16/ 10:16:52 PM) [Round: 0001] Start updating selected client 0093...!
[INFO](2022/04/16/ 10:16:54 PM) [Round: 0001] ...client 0066 is selected and updated (with total sample size: 500)!
[INFO](2022/04/16/ 10:16:54 PM) [Round: 0001] Start updating selected client 0094...!
[INFO](2022/04/16/ 10:16:57 PM) [Round: 0001] ...client 0072 is selected and updated (with total sample size: 500)!
[INFO](2022/04/16/ 10:16:57 PM) [Round: 0001] Start updating selected client 0095...!
[INFO](2022/04/16/ 10:17:00 PM) [Round: 0001] ...client 0075 is selected and updated (with total sample size: 500)!
[INFO](2022/04/16/ 10:17:00 PM) [Round: 0001] Start updating selected client 0096...!
[INFO](2022/04/16/ 10:17:02 PM) [Round: 0001] ...client 0076 is selected and updated (with total sample size: 500)!
[INFO](2022/04/16/ 10:17:04 PM) [Round: 0001] ...client 0080 is selected and updated (with total sample size: 500)!
[INFO](2022/04/16/ 10:17:08 PM) [Round: 0001] ...client 0084 is selected and updated (with total sample size: 500)!
[INFO](2022/04/16/ 10:17:11 PM) [Round: 0001] ...client 0086 is selected and updated (with total sample size: 500)!
