[INFO](2022/03/24/ 09:27:35 PM) 
[WELCOME] Unfolding configurations...!
[INFO](2022/03/24/ 09:27:35 PM) {'global_config': {'seed': 5959, 'device': 'cuda', 'is_mp': True}}
[INFO](2022/03/24/ 09:27:35 PM) {'data_config': {'data_path': './data/', 'dataset_name': 'MNIST', 'num_shards': 200, 'iid': False}}
[INFO](2022/03/24/ 09:27:35 PM) {'fed_config': {'C': 0.1, 'K': 100, 'R': 500, 'E': 10, 'B': 10, 'criterion': 'torch.nn.CrossEntropyLoss', 'optimizer': 'torch.optim.SGD'}}
[INFO](2022/03/24/ 09:27:35 PM) {'optim_config': {'lr': 0.01, 'momentum': 0.9}}
[INFO](2022/03/24/ 09:27:35 PM) {'init_config': {'init_type': 'xavier', 'init_gain': 1.0, 'gpu_ids': [0, 1, 2]}}
[INFO](2022/03/24/ 09:27:35 PM) {'model_config': {'name': 'CNN', 'in_channels': 1, 'hidden_channels': 32, 'num_hiddens': 512, 'num_classes': 10}}
[INFO](2022/03/24/ 09:27:35 PM) {'log_config': {'log_path': './log/2022-03-24_21:27:32', 'log_name': 'FL.log', 'tb_port': 5252, 'tb_host': '0.0.0.0'}}
[INFO](2022/03/24/ 09:27:37 PM) [Round: 0000] ...successfully initialized model (# parameters: 1662752)!
[INFO](2022/03/24/ 09:27:46 PM) [Round: 0000] ...successfully created all 100 clients!
[INFO](2022/03/24/ 09:27:46 PM) [Round: 0000] ...successfully finished setup of all 100 clients!
[INFO](2022/03/24/ 09:27:46 PM) [Round: 0000] ...successfully transmitted models to all 100 clients!
[INFO](2022/03/24/ 09:27:46 PM) [Round: 0001] Select clients...!
[INFO](2022/03/24/ 09:27:46 PM) [Round: 0001] ...successfully transmitted models to 10 selected clients!
[INFO](2022/03/24/ 09:27:46 PM) [Round: 0001] Start updating selected client 0014...!
[INFO](2022/03/24/ 09:27:46 PM) [Round: 0001] Start updating selected client 0019...!
[INFO](2022/03/24/ 09:27:46 PM) [Round: 0001] Start updating selected client 0049...!
[INFO](2022/03/24/ 09:27:46 PM) [Round: 0001] Start updating selected client 0021...!
[INFO](2022/03/24/ 09:27:46 PM) [Round: 0001] Start updating selected client 0000...!
[INFO](2022/03/24/ 09:27:46 PM) [Round: 0001] Start updating selected client 0081...!
[INFO](2022/03/24/ 09:27:46 PM) [Round: 0001] Start updating selected client 0079...!
[INFO](2022/03/24/ 09:27:46 PM) [Round: 0001] Start updating selected client 0062...!
[INFO](2022/03/24/ 09:27:46 PM) [Round: 0001] Start updating selected client 0010...!
[INFO](2022/03/24/ 09:27:46 PM) [Round: 0001] Start updating selected client 0091...!
[INFO](2022/03/24/ 09:28:01 PM) [Round: 0001] ...client 0019 is selected and updated (with total sample size: 600)!
[INFO](2022/03/24/ 09:28:02 PM) [Round: 0001] ...client 0010 is selected and updated (with total sample size: 600)!
[INFO](2022/03/24/ 09:28:02 PM) [Round: 0001] ...client 0021 is selected and updated (with total sample size: 600)!
[INFO](2022/03/24/ 09:28:03 PM) [Round: 0001] ...client 0079 is selected and updated (with total sample size: 600)!
[INFO](2022/03/24/ 09:28:03 PM) [Round: 0001] ...client 0062 is selected and updated (with total sample size: 600)!
[INFO](2022/03/24/ 09:28:04 PM) [Round: 0001] ...client 0014 is selected and updated (with total sample size: 600)!
[INFO](2022/03/24/ 09:28:04 PM) [Round: 0001] ...client 0049 is selected and updated (with total sample size: 600)!
[INFO](2022/03/24/ 09:28:04 PM) [Round: 0001] ...client 0000 is selected and updated (with total sample size: 600)!
[INFO](2022/03/24/ 09:28:05 PM) [Round: 0001] ...client 0081 is selected and updated (with total sample size: 600)!
[INFO](2022/03/24/ 09:28:05 PM) [Round: 0001] ...client 0091 is selected and updated (with total sample size: 600)!
[INFO](2022/03/24/ 09:28:05 PM) [Round: 0001] Evaluate selected 10 clients' models...!
[INFO](2022/03/24/ 09:28:07 PM) 	[Client 0021] ...finished evaluation!            
	=> Test loss: 0.0004            
	=> Test accuracy: 100.00%

[INFO](2022/03/24/ 09:28:07 PM) 	[Client 0091] ...finished evaluation!            
	=> Test loss: 0.0007            
	=> Test accuracy: 100.00%

[INFO](2022/03/24/ 09:28:07 PM) 	[Client 0019] ...finished evaluation!            
	=> Test loss: 0.0004            
	=> Test accuracy: 100.00%

[INFO](2022/03/24/ 09:28:07 PM) 	[Client 0014] ...finished evaluation!            
	=> Test loss: 0.0005            
	=> Test accuracy: 100.00%

[INFO](2022/03/24/ 09:28:07 PM) 	[Client 0081] ...finished evaluation!            
	=> Test loss: 0.0006            
	=> Test accuracy: 100.00%

[INFO](2022/03/24/ 09:28:07 PM) 	[Client 0010] ...finished evaluation!            
	=> Test loss: 0.0003            
	=> Test accuracy: 100.00%

[INFO](2022/03/24/ 09:28:07 PM) 	[Client 0049] ...finished evaluation!            
	=> Test loss: 0.0005            
	=> Test accuracy: 100.00%

[INFO](2022/03/24/ 09:28:07 PM) 	[Client 0079] ...finished evaluation!            
	=> Test loss: 0.0007            
	=> Test accuracy: 100.00%

[INFO](2022/03/24/ 09:28:07 PM) 	[Client 0062] ...finished evaluation!            
	=> Test loss: 0.0003            
	=> Test accuracy: 100.00%

[INFO](2022/03/24/ 09:28:07 PM) 	[Client 0000] ...finished evaluation!            
	=> Test loss: 0.0000            
	=> Test accuracy: 100.00%

[INFO](2022/03/24/ 09:28:07 PM) [Round: 0001] Aggregate updated weights of 10 clients...!
[INFO](2022/03/24/ 09:28:07 PM) [Round: 0001] ...updated weights of 10 clients are successfully averaged!
[INFO](2022/03/24/ 09:28:09 PM) [Round: 0001] Evaluate global model's performance...!                
	[Server] ...finished evaluation!                
	=> Loss: 2.1683                
	=> Accuracy: 24.66%

[INFO](2022/03/24/ 09:28:09 PM) [Round: 0002] Select clients...!
[INFO](2022/03/24/ 09:28:09 PM) [Round: 0002] ...successfully transmitted models to 10 selected clients!
[INFO](2022/03/24/ 09:28:09 PM) [Round: 0002] Start updating selected client 0018...!
[INFO](2022/03/24/ 09:28:09 PM) [Round: 0002] Start updating selected client 0045...!
[INFO](2022/03/24/ 09:28:09 PM) [Round: 0002] Start updating selected client 0028...!
[INFO](2022/03/24/ 09:28:09 PM) [Round: 0002] Start updating selected client 0057...!
[INFO](2022/03/24/ 09:28:09 PM) [Round: 0002] Start updating selected client 0048...!
[INFO](2022/03/24/ 09:28:09 PM) [Round: 0002] Start updating selected client 0061...!
[INFO](2022/03/24/ 09:28:09 PM) [Round: 0002] Start updating selected client 0077...!
[INFO](2022/03/24/ 09:28:09 PM) [Round: 0002] Start updating selected client 0085...!
[INFO](2022/03/24/ 09:28:09 PM) [Round: 0002] Start updating selected client 0063...!
[INFO](2022/03/24/ 09:28:09 PM) [Round: 0002] Start updating selected client 0069...!
[INFO](2022/03/24/ 09:28:20 PM) [Round: 0002] ...client 0018 is selected and updated (with total sample size: 600)!
[INFO](2022/03/24/ 09:28:21 PM) [Round: 0002] ...client 0085 is selected and updated (with total sample size: 600)!
[INFO](2022/03/24/ 09:28:21 PM) [Round: 0002] ...client 0061 is selected and updated (with total sample size: 600)!
[INFO](2022/03/24/ 09:28:23 PM) [Round: 0002] ...client 0063 is selected and updated (with total sample size: 600)!
[INFO](2022/03/24/ 09:28:23 PM) [Round: 0002] ...client 0045 is selected and updated (with total sample size: 600)!
[INFO](2022/03/24/ 09:28:24 PM) [Round: 0002] ...client 0048 is selected and updated (with total sample size: 600)!
[INFO](2022/03/24/ 09:28:24 PM) [Round: 0002] ...client 0069 is selected and updated (with total sample size: 600)!
[INFO](2022/03/24/ 09:28:24 PM) [Round: 0002] ...client 0077 is selected and updated (with total sample size: 600)!
[INFO](2022/03/24/ 09:28:25 PM) [Round: 0002] ...client 0057 is selected and updated (with total sample size: 600)!
[INFO](2022/03/24/ 09:28:25 PM) [Round: 0002] ...client 0028 is selected and updated (with total sample size: 600)!
[INFO](2022/03/24/ 09:28:25 PM) [Round: 0002] Evaluate selected 10 clients' models...!
[INFO](2022/03/24/ 09:28:26 PM) 	[Client 0018] ...finished evaluation!            
	=> Test loss: 0.0001            
	=> Test accuracy: 100.00%

[INFO](2022/03/24/ 09:28:26 PM) 	[Client 0063] ...finished evaluation!            
	=> Test loss: 0.0000            
	=> Test accuracy: 100.00%

[INFO](2022/03/24/ 09:28:26 PM) 	[Client 0048] ...finished evaluation!            
	=> Test loss: 0.0001            
	=> Test accuracy: 100.00%

[INFO](2022/03/24/ 09:28:27 PM) 	[Client 0061] ...finished evaluation!            
	=> Test loss: 0.0007            
	=> Test accuracy: 100.00%

[INFO](2022/03/24/ 09:28:27 PM) 	[Client 0028] ...finished evaluation!            
	=> Test loss: 0.0001            
	=> Test accuracy: 100.00%

[INFO](2022/03/24/ 09:28:27 PM) 	[Client 0085] ...finished evaluation!            
	=> Test loss: 0.0002            
	=> Test accuracy: 100.00%

[INFO](2022/03/24/ 09:28:27 PM) 	[Client 0069] ...finished evaluation!            
	=> Test loss: 0.0004            
	=> Test accuracy: 100.00%

[INFO](2022/03/24/ 09:28:27 PM) 	[Client 0045] ...finished evaluation!            
	=> Test loss: 0.0003            
	=> Test accuracy: 100.00%

[INFO](2022/03/24/ 09:28:27 PM) 	[Client 0057] ...finished evaluation!            
	=> Test loss: 0.0003            
	=> Test accuracy: 100.00%

[INFO](2022/03/24/ 09:28:27 PM) 	[Client 0077] ...finished evaluation!            
	=> Test loss: 0.0002            
	=> Test accuracy: 100.00%

[INFO](2022/03/24/ 09:28:27 PM) [Round: 0002] Aggregate updated weights of 10 clients...!
[INFO](2022/03/24/ 09:28:27 PM) [Round: 0002] ...updated weights of 10 clients are successfully averaged!
[INFO](2022/03/24/ 09:28:28 PM) [Round: 0002] Evaluate global model's performance...!                
	[Server] ...finished evaluation!                
	=> Loss: 2.5250                
	=> Accuracy: 20.25%

[INFO](2022/03/24/ 09:28:28 PM) [Round: 0003] Select clients...!
[INFO](2022/03/24/ 09:28:28 PM) [Round: 0003] ...successfully transmitted models to 10 selected clients!
[INFO](2022/03/24/ 09:28:29 PM) [Round: 0003] Start updating selected client 0006...!
[INFO](2022/03/24/ 09:28:29 PM) [Round: 0003] Start updating selected client 0009...!
[INFO](2022/03/24/ 09:28:29 PM) [Round: 0003] Start updating selected client 0008...!
[INFO](2022/03/24/ 09:28:29 PM) [Round: 0003] Start updating selected client 0044...!
[INFO](2022/03/24/ 09:28:29 PM) [Round: 0003] Start updating selected client 0048...!
[INFO](2022/03/24/ 09:28:29 PM) [Round: 0003] Start updating selected client 0074...!
[INFO](2022/03/24/ 09:28:29 PM) [Round: 0003] Start updating selected client 0013...!
[INFO](2022/03/24/ 09:28:29 PM) [Round: 0003] Start updating selected client 0019...!
[INFO](2022/03/24/ 09:28:29 PM) [Round: 0003] Start updating selected client 0068...!
[INFO](2022/03/24/ 09:28:29 PM) [Round: 0003] Start updating selected client 0073...!
[INFO](2022/03/24/ 09:28:40 PM) [Round: 0003] ...client 0006 is selected and updated (with total sample size: 600)!
[INFO](2022/03/24/ 09:28:41 PM) [Round: 0003] ...client 0044 is selected and updated (with total sample size: 600)!
[INFO](2022/03/24/ 09:28:42 PM) [Round: 0003] ...client 0048 is selected and updated (with total sample size: 600)!
[INFO](2022/03/24/ 09:28:42 PM) [Round: 0003] ...client 0068 is selected and updated (with total sample size: 600)!
[INFO](2022/03/24/ 09:28:43 PM) [Round: 0003] ...client 0074 is selected and updated (with total sample size: 600)!
[INFO](2022/03/24/ 09:28:43 PM) [Round: 0003] ...client 0009 is selected and updated (with total sample size: 600)!
[INFO](2022/03/24/ 09:28:44 PM) [Round: 0003] ...client 0013 is selected and updated (with total sample size: 600)!
[INFO](2022/03/24/ 09:28:44 PM) [Round: 0003] ...client 0008 is selected and updated (with total sample size: 600)!
[INFO](2022/03/24/ 09:28:44 PM) [Round: 0003] ...client 0019 is selected and updated (with total sample size: 600)!
[INFO](2022/03/24/ 09:28:45 PM) [Round: 0003] ...client 0073 is selected and updated (with total sample size: 600)!
[INFO](2022/03/24/ 09:28:45 PM) [Round: 0003] Evaluate selected 10 clients' models...!
[INFO](2022/03/24/ 09:28:46 PM) 	[Client 0019] ...finished evaluation!            
	=> Test loss: 0.0003            
	=> Test accuracy: 100.00%

[INFO](2022/03/24/ 09:28:46 PM) 	[Client 0009] ...finished evaluation!            
	=> Test loss: 0.0009            
	=> Test accuracy: 100.00%

[INFO](2022/03/24/ 09:28:46 PM) 	[Client 0073] ...finished evaluation!            
	=> Test loss: 0.0002            
	=> Test accuracy: 100.00%

[INFO](2022/03/24/ 09:28:46 PM) 	[Client 0068] ...finished evaluation!            
	=> Test loss: 0.0002            
	=> Test accuracy: 100.00%

[INFO](2022/03/24/ 09:28:46 PM) 	[Client 0008] ...finished evaluation!            
	=> Test loss: 0.0001            
	=> Test accuracy: 100.00%

[INFO](2022/03/24/ 09:28:46 PM) 	[Client 0013] ...finished evaluation!            
	=> Test loss: 0.0002            
	=> Test accuracy: 100.00%

[INFO](2022/03/24/ 09:28:46 PM) 	[Client 0044] ...finished evaluation!            
	=> Test loss: 0.0010            
	=> Test accuracy: 100.00%

[INFO](2022/03/24/ 09:28:46 PM) 	[Client 0048] ...finished evaluation!            
	=> Test loss: 0.0001            
	=> Test accuracy: 100.00%

[INFO](2022/03/24/ 09:28:46 PM) 	[Client 0074] ...finished evaluation!            
	=> Test loss: 0.0006            
	=> Test accuracy: 100.00%

[INFO](2022/03/24/ 09:28:46 PM) 	[Client 0006] ...finished evaluation!            
	=> Test loss: 0.0005            
	=> Test accuracy: 100.00%

[INFO](2022/03/24/ 09:28:46 PM) [Round: 0003] Aggregate updated weights of 10 clients...!
[INFO](2022/03/24/ 09:28:46 PM) [Round: 0003] ...updated weights of 10 clients are successfully averaged!
[INFO](2022/03/24/ 09:28:48 PM) [Round: 0003] Evaluate global model's performance...!                
	[Server] ...finished evaluation!                
	=> Loss: 3.6662                
	=> Accuracy: 26.06%

[INFO](2022/03/24/ 09:28:48 PM) [Round: 0004] Select clients...!
[INFO](2022/03/24/ 09:28:48 PM) [Round: 0004] ...successfully transmitted models to 10 selected clients!
[INFO](2022/03/24/ 09:28:48 PM) [Round: 0004] Start updating selected client 0005...!
[INFO](2022/03/24/ 09:28:48 PM) [Round: 0004] Start updating selected client 0014...!
[INFO](2022/03/24/ 09:28:48 PM) [Round: 0004] Start updating selected client 0067...!
[INFO](2022/03/24/ 09:28:48 PM) [Round: 0004] Start updating selected client 0057...!
[INFO](2022/03/24/ 09:28:48 PM) [Round: 0004] Start updating selected client 0037...!
[INFO](2022/03/24/ 09:28:48 PM) [Round: 0004] Start updating selected client 0098...!
[INFO](2022/03/24/ 09:28:48 PM) [Round: 0004] Start updating selected client 0053...!
[INFO](2022/03/24/ 09:28:48 PM) [Round: 0004] Start updating selected client 0087...!
[INFO](2022/03/24/ 09:28:48 PM) [Round: 0004] Start updating selected client 0082...!
[INFO](2022/03/24/ 09:28:48 PM) [Round: 0004] Start updating selected client 0066...!
[INFO](2022/03/24/ 09:29:00 PM) [Round: 0004] ...client 0014 is selected and updated (with total sample size: 600)!
[INFO](2022/03/24/ 09:29:01 PM) [Round: 0004] ...client 0067 is selected and updated (with total sample size: 600)!
[INFO](2022/03/24/ 09:29:02 PM) [Round: 0004] ...client 0005 is selected and updated (with total sample size: 600)!
[INFO](2022/03/24/ 09:29:02 PM) [Round: 0004] ...client 0057 is selected and updated (with total sample size: 600)!
[INFO](2022/03/24/ 09:29:02 PM) [Round: 0004] ...client 0082 is selected and updated (with total sample size: 600)!
[INFO](2022/03/24/ 09:29:03 PM) [Round: 0004] ...client 0066 is selected and updated (with total sample size: 600)!
[INFO](2022/03/24/ 09:29:03 PM) [Round: 0004] ...client 0053 is selected and updated (with total sample size: 600)!
[INFO](2022/03/24/ 09:29:04 PM) [Round: 0004] ...client 0098 is selected and updated (with total sample size: 600)!
[INFO](2022/03/24/ 09:29:04 PM) [Round: 0004] ...client 0087 is selected and updated (with total sample size: 600)!
[INFO](2022/03/24/ 09:29:04 PM) [Round: 0004] ...client 0037 is selected and updated (with total sample size: 600)!
[INFO](2022/03/24/ 09:29:04 PM) [Round: 0004] Evaluate selected 10 clients' models...!
[INFO](2022/03/24/ 09:29:06 PM) 	[Client 0057] ...finished evaluation!            
	=> Test loss: 0.0003            
	=> Test accuracy: 100.00%

[INFO](2022/03/24/ 09:29:06 PM) 	[Client 0082] ...finished evaluation!            
	=> Test loss: 0.0002            
	=> Test accuracy: 100.00%

[INFO](2022/03/24/ 09:29:06 PM) 	[Client 0005] ...finished evaluation!            
	=> Test loss: 0.0000            
	=> Test accuracy: 100.00%

[INFO](2022/03/24/ 09:29:06 PM) 	[Client 0087] ...finished evaluation!            
	=> Test loss: 0.0002            
	=> Test accuracy: 100.00%

[INFO](2022/03/24/ 09:29:06 PM) 	[Client 0066] ...finished evaluation!            
	=> Test loss: 0.0007            
	=> Test accuracy: 100.00%

[INFO](2022/03/24/ 09:29:06 PM) 	[Client 0053] ...finished evaluation!            
	=> Test loss: 0.0001            
	=> Test accuracy: 100.00%

[INFO](2022/03/24/ 09:29:06 PM) 	[Client 0067] ...finished evaluation!            
	=> Test loss: 0.0002            
	=> Test accuracy: 100.00%

[INFO](2022/03/24/ 09:29:06 PM) 	[Client 0014] ...finished evaluation!            
	=> Test loss: 0.0003            
	=> Test accuracy: 100.00%

[INFO](2022/03/24/ 09:29:06 PM) 	[Client 0037] ...finished evaluation!            
	=> Test loss: 0.0002            
	=> Test accuracy: 100.00%

[INFO](2022/03/24/ 09:29:06 PM) 	[Client 0098] ...finished evaluation!            
	=> Test loss: 0.0001            
	=> Test accuracy: 100.00%

[INFO](2022/03/24/ 09:29:06 PM) [Round: 0004] Aggregate updated weights of 10 clients...!
[INFO](2022/03/24/ 09:29:06 PM) [Round: 0004] ...updated weights of 10 clients are successfully averaged!
[INFO](2022/03/24/ 09:29:08 PM) [Round: 0004] Evaluate global model's performance...!                
	[Server] ...finished evaluation!                
	=> Loss: 3.3816                
	=> Accuracy: 19.88%

[INFO](2022/03/24/ 09:29:08 PM) [Round: 0005] Select clients...!
[INFO](2022/03/24/ 09:29:08 PM) [Round: 0005] ...successfully transmitted models to 10 selected clients!
[INFO](2022/03/24/ 09:29:08 PM) [Round: 0005] Start updating selected client 0025...!
[INFO](2022/03/24/ 09:29:08 PM) [Round: 0005] Start updating selected client 0029...!
[INFO](2022/03/24/ 09:29:08 PM) [Round: 0005] Start updating selected client 0006...!
[INFO](2022/03/24/ 09:29:08 PM) [Round: 0005] Start updating selected client 0064...!
[INFO](2022/03/24/ 09:29:08 PM) [Round: 0005] Start updating selected client 0041...!
[INFO](2022/03/24/ 09:29:08 PM) [Round: 0005] Start updating selected client 0077...!
[INFO](2022/03/24/ 09:29:08 PM) [Round: 0005] Start updating selected client 0091...!
[INFO](2022/03/24/ 09:29:08 PM) [Round: 0005] Start updating selected client 0036...!
[INFO](2022/03/24/ 09:29:08 PM) [Round: 0005] Start updating selected client 0065...!
[INFO](2022/03/24/ 09:29:08 PM) [Round: 0005] Start updating selected client 0096...!
[INFO](2022/03/24/ 09:29:21 PM) [Round: 0005] ...client 0025 is selected and updated (with total sample size: 600)!
[INFO](2022/03/24/ 09:29:21 PM) [Round: 0005] ...client 0065 is selected and updated (with total sample size: 600)!
[INFO](2022/03/24/ 09:29:22 PM) [Round: 0005] ...client 0077 is selected and updated (with total sample size: 600)!
[INFO](2022/03/24/ 09:29:22 PM) [Round: 0005] ...client 0041 is selected and updated (with total sample size: 600)!
[INFO](2022/03/24/ 09:29:22 PM) [Round: 0005] ...client 0096 is selected and updated (with total sample size: 600)!
[INFO](2022/03/24/ 09:29:23 PM) [Round: 0005] ...client 0091 is selected and updated (with total sample size: 600)!
[INFO](2022/03/24/ 09:29:23 PM) [Round: 0005] ...client 0036 is selected and updated (with total sample size: 600)!
[INFO](2022/03/24/ 09:29:24 PM) [Round: 0005] ...client 0029 is selected and updated (with total sample size: 600)!
[INFO](2022/03/24/ 09:29:24 PM) [Round: 0005] ...client 0006 is selected and updated (with total sample size: 600)!
[INFO](2022/03/24/ 09:29:24 PM) [Round: 0005] ...client 0064 is selected and updated (with total sample size: 600)!
[INFO](2022/03/24/ 09:29:24 PM) [Round: 0005] Evaluate selected 10 clients' models...!
[INFO](2022/03/24/ 09:29:26 PM) 	[Client 0041] ...finished evaluation!            
	=> Test loss: 0.0003            
	=> Test accuracy: 100.00%

[INFO](2022/03/24/ 09:29:26 PM) 	[Client 0006] ...finished evaluation!            
	=> Test loss: 0.0005            
	=> Test accuracy: 100.00%

[INFO](2022/03/24/ 09:29:26 PM) 	[Client 0029] ...finished evaluation!            
	=> Test loss: 0.0005            
	=> Test accuracy: 100.00%

[INFO](2022/03/24/ 09:29:26 PM) 	[Client 0091] ...finished evaluation!            
	=> Test loss: 0.0003            
	=> Test accuracy: 100.00%

[INFO](2022/03/24/ 09:29:26 PM) 	[Client 0036] ...finished evaluation!            
	=> Test loss: 0.0004            
	=> Test accuracy: 100.00%

[INFO](2022/03/24/ 09:29:26 PM) 	[Client 0064] ...finished evaluation!            
	=> Test loss: 0.0004            
	=> Test accuracy: 100.00%

[INFO](2022/03/24/ 09:29:26 PM) 	[Client 0077] ...finished evaluation!            
	=> Test loss: 0.0002            
	=> Test accuracy: 100.00%

[INFO](2022/03/24/ 09:29:26 PM) 	[Client 0065] ...finished evaluation!            
	=> Test loss: 0.0001            
	=> Test accuracy: 100.00%

[INFO](2022/03/24/ 09:29:26 PM) 	[Client 0025] ...finished evaluation!            
	=> Test loss: 0.0001            
	=> Test accuracy: 100.00%

[INFO](2022/03/24/ 09:29:26 PM) 	[Client 0096] ...finished evaluation!            
	=> Test loss: 0.0004            
	=> Test accuracy: 100.00%

[INFO](2022/03/24/ 09:29:26 PM) [Round: 0005] Aggregate updated weights of 10 clients...!
[INFO](2022/03/24/ 09:29:26 PM) [Round: 0005] ...updated weights of 10 clients are successfully averaged!
[INFO](2022/03/24/ 09:29:28 PM) [Round: 0005] Evaluate global model's performance...!                
	[Server] ...finished evaluation!                
	=> Loss: 1.9223                
	=> Accuracy: 35.73%

[INFO](2022/03/24/ 09:29:28 PM) [Round: 0006] Select clients...!
[INFO](2022/03/24/ 09:29:28 PM) [Round: 0006] ...successfully transmitted models to 10 selected clients!
[INFO](2022/03/24/ 09:29:28 PM) [Round: 0006] Start updating selected client 0009...!
[INFO](2022/03/24/ 09:29:28 PM) [Round: 0006] Start updating selected client 0017...!
[INFO](2022/03/24/ 09:29:28 PM) [Round: 0006] Start updating selected client 0036...!
[INFO](2022/03/24/ 09:29:28 PM) [Round: 0006] Start updating selected client 0021...!
[INFO](2022/03/24/ 09:29:28 PM) [Round: 0006] Start updating selected client 0054...!
[INFO](2022/03/24/ 09:29:28 PM) [Round: 0006] Start updating selected client 0056...!
[INFO](2022/03/24/ 09:29:28 PM) [Round: 0006] Start updating selected client 0061...!
[INFO](2022/03/24/ 09:29:28 PM) [Round: 0006] Start updating selected client 0044...!
[INFO](2022/03/24/ 09:29:28 PM) [Round: 0006] Start updating selected client 0066...!
[INFO](2022/03/24/ 09:29:28 PM) [Round: 0006] Start updating selected client 0059...!
[INFO](2022/03/24/ 09:29:41 PM) [Round: 0006] ...client 0044 is selected and updated (with total sample size: 600)!
[INFO](2022/03/24/ 09:29:41 PM) [Round: 0006] ...client 0061 is selected and updated (with total sample size: 600)!
[INFO](2022/03/24/ 09:29:42 PM) [Round: 0006] ...client 0056 is selected and updated (with total sample size: 600)!
[INFO](2022/03/24/ 09:29:42 PM) [Round: 0006] ...client 0017 is selected and updated (with total sample size: 600)!
[INFO](2022/03/24/ 09:29:42 PM) [Round: 0006] ...client 0021 is selected and updated (with total sample size: 600)!
[INFO](2022/03/24/ 09:29:43 PM) [Round: 0006] ...client 0054 is selected and updated (with total sample size: 600)!
[INFO](2022/03/24/ 09:29:43 PM) [Round: 0006] ...client 0009 is selected and updated (with total sample size: 600)!
[INFO](2022/03/24/ 09:29:44 PM) [Round: 0006] ...client 0066 is selected and updated (with total sample size: 600)!
[INFO](2022/03/24/ 09:29:44 PM) [Round: 0006] ...client 0059 is selected and updated (with total sample size: 600)!
[INFO](2022/03/24/ 09:29:44 PM) [Round: 0006] ...client 0036 is selected and updated (with total sample size: 600)!
[INFO](2022/03/24/ 09:29:44 PM) [Round: 0006] Evaluate selected 10 clients' models...!
[INFO](2022/03/24/ 09:29:46 PM) 	[Client 0061] ...finished evaluation!            
	=> Test loss: 0.0005            
	=> Test accuracy: 100.00%

[INFO](2022/03/24/ 09:29:46 PM) 	[Client 0017] ...finished evaluation!            
	=> Test loss: 0.0003            
	=> Test accuracy: 100.00%

[INFO](2022/03/24/ 09:29:46 PM) 	[Client 0036] ...finished evaluation!            
	=> Test loss: 0.0003            
	=> Test accuracy: 100.00%

[INFO](2022/03/24/ 09:29:46 PM) 	[Client 0009] ...finished evaluation!            
	=> Test loss: 0.0006            
	=> Test accuracy: 100.00%

[INFO](2022/03/24/ 09:29:46 PM) 	[Client 0066] ...finished evaluation!            
	=> Test loss: 0.0005            
	=> Test accuracy: 100.00%

[INFO](2022/03/24/ 09:29:46 PM) 	[Client 0056] ...finished evaluation!            
	=> Test loss: 0.0004            
	=> Test accuracy: 100.00%

[INFO](2022/03/24/ 09:29:46 PM) 	[Client 0044] ...finished evaluation!            
	=> Test loss: 0.0007            
	=> Test accuracy: 100.00%

[INFO](2022/03/24/ 09:29:46 PM) 	[Client 0059] ...finished evaluation!            
	=> Test loss: 0.0004            
	=> Test accuracy: 100.00%

[INFO](2022/03/24/ 09:29:46 PM) 	[Client 0021] ...finished evaluation!            
	=> Test loss: 0.0003            
	=> Test accuracy: 100.00%

[INFO](2022/03/24/ 09:29:46 PM) 	[Client 0054] ...finished evaluation!            
	=> Test loss: 0.0002            
	=> Test accuracy: 100.00%

[INFO](2022/03/24/ 09:29:46 PM) [Round: 0006] Aggregate updated weights of 10 clients...!
[INFO](2022/03/24/ 09:29:46 PM) [Round: 0006] ...updated weights of 10 clients are successfully averaged!
[INFO](2022/03/24/ 09:29:48 PM) [Round: 0006] Evaluate global model's performance...!                
	[Server] ...finished evaluation!                
	=> Loss: 2.0511                
	=> Accuracy: 34.33%

[INFO](2022/03/24/ 09:29:48 PM) [Round: 0007] Select clients...!
[INFO](2022/03/24/ 09:29:48 PM) [Round: 0007] ...successfully transmitted models to 10 selected clients!
[INFO](2022/03/24/ 09:29:48 PM) [Round: 0007] Start updating selected client 0007...!
[INFO](2022/03/24/ 09:29:48 PM) [Round: 0007] Start updating selected client 0031...!
[INFO](2022/03/24/ 09:29:48 PM) [Round: 0007] Start updating selected client 0044...!
[INFO](2022/03/24/ 09:29:48 PM) [Round: 0007] Start updating selected client 0046...!
[INFO](2022/03/24/ 09:29:48 PM) [Round: 0007] Start updating selected client 0056...!
[INFO](2022/03/24/ 09:29:48 PM) [Round: 0007] Start updating selected client 0066...!
[INFO](2022/03/24/ 09:29:48 PM) [Round: 0007] Start updating selected client 0080...!
[INFO](2022/03/24/ 09:29:48 PM) [Round: 0007] Start updating selected client 0061...!
[INFO](2022/03/24/ 09:29:48 PM) [Round: 0007] Start updating selected client 0088...!
[INFO](2022/03/24/ 09:29:48 PM) [Round: 0007] Start updating selected client 0085...!
[INFO](2022/03/24/ 09:30:01 PM) [Round: 0007] ...client 0007 is selected and updated (with total sample size: 600)!
[INFO](2022/03/24/ 09:30:01 PM) [Round: 0007] ...client 0085 is selected and updated (with total sample size: 600)!
[INFO](2022/03/24/ 09:30:02 PM) [Round: 0007] ...client 0031 is selected and updated (with total sample size: 600)!
[INFO](2022/03/24/ 09:30:02 PM) [Round: 0007] ...client 0056 is selected and updated (with total sample size: 600)!
[INFO](2022/03/24/ 09:30:02 PM) [Round: 0007] ...client 0080 is selected and updated (with total sample size: 600)!
[INFO](2022/03/24/ 09:30:03 PM) [Round: 0007] ...client 0088 is selected and updated (with total sample size: 600)!
[INFO](2022/03/24/ 09:30:03 PM) [Round: 0007] ...client 0046 is selected and updated (with total sample size: 600)!
[INFO](2022/03/24/ 09:30:04 PM) [Round: 0007] ...client 0066 is selected and updated (with total sample size: 600)!
[INFO](2022/03/24/ 09:30:04 PM) [Round: 0007] ...client 0044 is selected and updated (with total sample size: 600)!
[INFO](2022/03/24/ 09:30:04 PM) [Round: 0007] ...client 0061 is selected and updated (with total sample size: 600)!
[INFO](2022/03/24/ 09:30:04 PM) [Round: 0007] Evaluate selected 10 clients' models...!
[INFO](2022/03/24/ 09:30:06 PM) 	[Client 0044] ...finished evaluation!            
	=> Test loss: 0.0005            
	=> Test accuracy: 100.00%

[INFO](2022/03/24/ 09:30:06 PM) 	[Client 0080] ...finished evaluation!            
	=> Test loss: 0.0000            
	=> Test accuracy: 100.00%

[INFO](2022/03/24/ 09:30:06 PM) 	[Client 0056] ...finished evaluation!            
	=> Test loss: 0.0003            
	=> Test accuracy: 100.00%

[INFO](2022/03/24/ 09:30:06 PM) 	[Client 0085] ...finished evaluation!            
	=> Test loss: 0.0002            
	=> Test accuracy: 100.00%

[INFO](2022/03/24/ 09:30:06 PM) 	[Client 0031] ...finished evaluation!            
	=> Test loss: 0.0004            
	=> Test accuracy: 100.00%

[INFO](2022/03/24/ 09:30:06 PM) 	[Client 0088] ...finished evaluation!            
	=> Test loss: 0.0000            
	=> Test accuracy: 100.00%

[INFO](2022/03/24/ 09:30:06 PM) 	[Client 0007] ...finished evaluation!            
	=> Test loss: 0.0003            
	=> Test accuracy: 100.00%

[INFO](2022/03/24/ 09:30:06 PM) 	[Client 0066] ...finished evaluation!            
	=> Test loss: 0.0004            
	=> Test accuracy: 100.00%

[INFO](2022/03/24/ 09:30:06 PM) 	[Client 0046] ...finished evaluation!            
	=> Test loss: 0.0002            
	=> Test accuracy: 100.00%

[INFO](2022/03/24/ 09:30:06 PM) 	[Client 0061] ...finished evaluation!            
	=> Test loss: 0.0004            
	=> Test accuracy: 100.00%

[INFO](2022/03/24/ 09:30:06 PM) [Round: 0007] Aggregate updated weights of 10 clients...!
[INFO](2022/03/24/ 09:30:06 PM) [Round: 0007] ...updated weights of 10 clients are successfully averaged!
[INFO](2022/03/24/ 09:30:08 PM) [Round: 0007] Evaluate global model's performance...!                
	[Server] ...finished evaluation!                
	=> Loss: 1.8948                
	=> Accuracy: 45.77%

[INFO](2022/03/24/ 09:30:08 PM) [Round: 0008] Select clients...!
[INFO](2022/03/24/ 09:30:08 PM) [Round: 0008] ...successfully transmitted models to 10 selected clients!
[INFO](2022/03/24/ 09:30:08 PM) [Round: 0008] Start updating selected client 0031...!
[INFO](2022/03/24/ 09:30:08 PM) [Round: 0008] Start updating selected client 0032...!
[INFO](2022/03/24/ 09:30:08 PM) [Round: 0008] Start updating selected client 0040...!
[INFO](2022/03/24/ 09:30:08 PM) [Round: 0008] Start updating selected client 0047...!
[INFO](2022/03/24/ 09:30:08 PM) [Round: 0008] Start updating selected client 0048...!
[INFO](2022/03/24/ 09:30:08 PM) [Round: 0008] Start updating selected client 0060...!
[INFO](2022/03/24/ 09:30:08 PM) [Round: 0008] Start updating selected client 0093...!
[INFO](2022/03/24/ 09:30:08 PM) [Round: 0008] Start updating selected client 0077...!
[INFO](2022/03/24/ 09:30:08 PM) [Round: 0008] Start updating selected client 0096...!
[INFO](2022/03/24/ 09:30:08 PM) [Round: 0008] Start updating selected client 0052...!
[INFO](2022/03/24/ 09:30:19 PM) [Round: 0008] ...client 0096 is selected and updated (with total sample size: 600)!
[INFO](2022/03/24/ 09:30:20 PM) [Round: 0008] ...client 0047 is selected and updated (with total sample size: 600)!
[INFO](2022/03/24/ 09:30:20 PM) [Round: 0008] ...client 0093 is selected and updated (with total sample size: 600)!
[INFO](2022/03/24/ 09:30:21 PM) [Round: 0008] ...client 0048 is selected and updated (with total sample size: 600)!
[INFO](2022/03/24/ 09:30:21 PM) [Round: 0008] ...client 0052 is selected and updated (with total sample size: 600)!
[INFO](2022/03/24/ 09:30:22 PM) [Round: 0008] ...client 0077 is selected and updated (with total sample size: 600)!
[INFO](2022/03/24/ 09:30:22 PM) [Round: 0008] ...client 0040 is selected and updated (with total sample size: 600)!
