[INFO](2022/04/14/ 06:50:02 PM) 
[WELCOME] Unfolding configurations...!
[INFO](2022/04/14/ 06:50:02 PM) {'global_config': {'seed': 5959, 'device': 'cuda', 'is_mp': True}}
[INFO](2022/04/14/ 06:50:02 PM) {'data_config': {'data_path': './data/', 'dataset_name': 'CIFAR10', 'num_shards': 300, 'iid': True}}
[INFO](2022/04/14/ 06:50:02 PM) {'fed_config': {'C': 0.1, 'K': 100, 'R': 100, 'E': 50, 'B': 20, 'NC': 4, 'criterion': 'torch.nn.CrossEntropyLoss', 'optimizer': 'torch.optim.SGD'}}
[INFO](2022/04/14/ 06:50:02 PM) {'optim_config': {'lr': 0.01, 'momentum': 0.9}}
[INFO](2022/04/14/ 06:50:02 PM) {'init_config': {'init_type': 'xavier', 'init_gain': 1.0, 'gpu_ids': [0, 1, 2]}}
[INFO](2022/04/14/ 06:50:02 PM) {'model_config': {'name': 'CNN2', 'in_channels': 3, 'hidden_channels': 32, 'num_hiddens': 512, 'num_classes': 10}}
[INFO](2022/04/14/ 06:50:02 PM) {'log_config': {'log_path': './log/2022-04-14_18:49:59', 'log_name': 'FL.log', 'tb_port': 5252, 'tb_host': '0.0.0.0'}}
[INFO](2022/04/14/ 06:50:04 PM) [Round: 0000] ...successfully initialized model (# parameters: 2156490)!
[INFO](2022/04/14/ 06:50:06 PM) [Round: 0000] ...successfully created all 100 clients!
[INFO](2022/04/14/ 06:50:06 PM) [Round: 0000] ...successfully finished setup of all 100 clients!
[INFO](2022/04/14/ 06:50:06 PM) [Round: 0000] ...successfully transmitted models to all 100 clients!
[INFO](2022/04/14/ 06:50:06 PM) [Round: 0001] Select clients...!
[INFO](2022/04/14/ 06:50:06 PM) [Round: 0001] ...successfully transmitted models to 10 selected clients of cluster 1!
[INFO](2022/04/14/ 06:50:06 PM) [Round: 0001] ...successfully transmitted models to 10 selected clients of cluster 2!
[INFO](2022/04/14/ 06:50:06 PM) [Round: 0001] ...successfully transmitted models to 10 selected clients of cluster 3!
[INFO](2022/04/14/ 06:50:06 PM) [Round: 0001] ...successfully transmitted models to 10 selected clients of cluster 4!
[INFO](2022/04/14/ 06:50:06 PM) [Round: 0001] Start updating selected client 0033...!
[INFO](2022/04/14/ 06:50:06 PM) [Round: 0001] Start updating selected client 0002...!
[INFO](2022/04/14/ 06:50:06 PM) [Round: 0001] Start updating selected client 0052...!
[INFO](2022/04/14/ 06:50:06 PM) [Round: 0001] Start updating selected client 0070...!
[INFO](2022/04/14/ 06:50:06 PM) [Round: 0001] Start updating selected client 0066...!
[INFO](2022/04/14/ 06:50:06 PM) [Round: 0001] Start updating selected client 0079...!
[INFO](2022/04/14/ 06:50:06 PM) [Round: 0001] Start updating selected client 0095...!
[INFO](2022/04/14/ 06:50:06 PM) [Round: 0001] Start updating selected client 0084...!
[INFO](2022/04/14/ 06:50:06 PM) [Round: 0001] Start updating selected client 0074...!
[INFO](2022/04/14/ 06:50:06 PM) [Round: 0001] Start updating selected client 0073...!
[INFO](2022/04/14/ 06:52:10 PM) [Round: 0001] ...client 0070 is selected and updated (with total sample size: 500)!
[INFO](2022/04/14/ 06:52:10 PM) [Round: 0001] ...client 0073 is selected and updated (with total sample size: 500)!
[INFO](2022/04/14/ 06:52:11 PM) [Round: 0001] ...client 0002 is selected and updated (with total sample size: 500)!
[INFO](2022/04/14/ 06:52:11 PM) [Round: 0001] ...client 0033 is selected and updated (with total sample size: 500)!
[INFO](2022/04/14/ 06:52:11 PM) [Round: 0001] ...client 0084 is selected and updated (with total sample size: 500)!
[INFO](2022/04/14/ 06:52:11 PM) [Round: 0001] ...client 0074 is selected and updated (with total sample size: 500)!
[INFO](2022/04/14/ 06:52:12 PM) [Round: 0001] ...client 0079 is selected and updated (with total sample size: 500)!
[INFO](2022/04/14/ 06:52:12 PM) [Round: 0001] ...client 0066 is selected and updated (with total sample size: 500)!
[INFO](2022/04/14/ 06:52:12 PM) [Round: 0001] ...client 0052 is selected and updated (with total sample size: 500)!
[INFO](2022/04/14/ 06:52:12 PM) [Round: 0001] ...client 0095 is selected and updated (with total sample size: 500)!
[INFO](2022/04/14/ 06:52:12 PM) [Round: 0001] Evaluate selected 10 clients' models...!
[INFO](2022/04/14/ 06:52:15 PM) 	[Client 0002] ...finished evaluation!            
	=> Test loss: 92.6912            
	=> Test accuracy: 731.20%

[INFO](2022/04/14/ 06:52:18 PM) 	[Client 0033] ...finished evaluation!            
	=> Test loss: 94.2540            
	=> Test accuracy: 761.80%

[INFO](2022/04/14/ 06:52:21 PM) 	[Client 0052] ...finished evaluation!            
	=> Test loss: 100.3016            
	=> Test accuracy: 728.00%

[INFO](2022/04/14/ 06:52:25 PM) 	[Client 0066] ...finished evaluation!            
	=> Test loss: 97.2622            
	=> Test accuracy: 730.80%

[INFO](2022/04/14/ 06:52:28 PM) 	[Client 0070] ...finished evaluation!            
	=> Test loss: 100.8198            
	=> Test accuracy: 695.60%

[INFO](2022/04/14/ 06:52:31 PM) 	[Client 0073] ...finished evaluation!            
	=> Test loss: 111.2132            
	=> Test accuracy: 715.80%

[INFO](2022/04/14/ 06:52:34 PM) 	[Client 0074] ...finished evaluation!            
	=> Test loss: 99.2127            
	=> Test accuracy: 713.80%

[INFO](2022/04/14/ 06:52:37 PM) 	[Client 0079] ...finished evaluation!            
	=> Test loss: 104.9088            
	=> Test accuracy: 684.60%

[INFO](2022/04/14/ 06:52:40 PM) 	[Client 0084] ...finished evaluation!            
	=> Test loss: 95.1765            
	=> Test accuracy: 746.40%

[INFO](2022/04/14/ 06:52:43 PM) 	[Client 0095] ...finished evaluation!            
	=> Test loss: 99.4070            
	=> Test accuracy: 709.00%

[INFO](2022/04/14/ 06:52:43 PM) [Round: 0001] ...finished evaluation of 10 selected clients! Average accuracy = 7.2170000000000005
[INFO](2022/04/14/ 06:52:43 PM) [Round: 0001] Aggregate updated weights of 10 clients...!
[INFO](2022/04/14/ 06:52:44 PM) [Round: 0001] ...updated weights of 10 clients are successfully averaged!
[INFO](2022/04/14/ 06:52:44 PM) [Round: 0001] Aggregate updated weights of 2 clients...!
[INFO](2022/04/14/ 06:52:44 PM) [Round: 0001] ...updated weights of 2 clients of cluster 1 are successfully averaged!
[INFO](2022/04/14/ 06:52:44 PM) [Round: 0001] Aggregate updated weights of 3 clients...!
[INFO](2022/04/14/ 06:52:44 PM) [Round: 0001] ...updated weights of 3 clients of cluster 2 are successfully averaged!
[INFO](2022/04/14/ 06:52:44 PM) [Round: 0001] Aggregate updated weights of 4 clients...!
[INFO](2022/04/14/ 06:52:44 PM) [Round: 0001] ...updated weights of 4 clients of cluster 3 are successfully averaged!
[INFO](2022/04/14/ 06:52:44 PM) [Round: 0001] Aggregate updated weights of 1 clients...!
[INFO](2022/04/14/ 06:52:44 PM) [Round: 0001] ...updated weights of 1 clients of cluster 4 are successfully averaged!
[INFO](2022/04/14/ 06:52:47 PM) [Round: 0001] Evaluate global model's performance...!                
	[Server] ...finished evaluation!                
	=> Loss: 2.1253                
	=> Accuracy: 44.73%

[INFO](2022/04/14/ 06:52:47 PM) [Round: 0002] Select clients...!
[INFO](2022/04/14/ 06:52:47 PM) [Round: 0002] ...successfully transmitted models to 10 selected clients of cluster 1!
[INFO](2022/04/14/ 06:52:47 PM) [Round: 0002] ...successfully transmitted models to 10 selected clients of cluster 2!
[INFO](2022/04/14/ 06:52:47 PM) [Round: 0002] ...successfully transmitted models to 10 selected clients of cluster 3!
[INFO](2022/04/14/ 06:52:47 PM) [Round: 0002] ...successfully transmitted models to 10 selected clients of cluster 4!
[INFO](2022/04/14/ 06:52:47 PM) [Round: 0002] Start updating selected client 0025...!
[INFO](2022/04/14/ 06:52:47 PM) [Round: 0002] Start updating selected client 0027...!
[INFO](2022/04/14/ 06:52:47 PM) [Round: 0002] Start updating selected client 0041...!
[INFO](2022/04/14/ 06:52:47 PM) [Round: 0002] Start updating selected client 0044...!
[INFO](2022/04/14/ 06:52:47 PM) [Round: 0002] Start updating selected client 0066...!
[INFO](2022/04/14/ 06:52:47 PM) [Round: 0002] Start updating selected client 0046...!
[INFO](2022/04/14/ 06:52:47 PM) [Round: 0002] Start updating selected client 0050...!
[INFO](2022/04/14/ 06:52:47 PM) [Round: 0002] Start updating selected client 0090...!
[INFO](2022/04/14/ 06:52:47 PM) [Round: 0002] Start updating selected client 0039...!
[INFO](2022/04/14/ 06:52:47 PM) [Round: 0002] Start updating selected client 0081...!
