[INFO](2022/04/14/ 12:31:13 AM) 
[WELCOME] Unfolding configurations...!
[INFO](2022/04/14/ 12:31:13 AM) {'global_config': {'seed': 5959, 'device': 'cuda', 'is_mp': True}}
[INFO](2022/04/14/ 12:31:13 AM) {'data_config': {'data_path': './data/', 'dataset_name': 'CIFAR10', 'num_shards': 300, 'iid': True}}
[INFO](2022/04/14/ 12:31:13 AM) {'fed_config': {'C': 0.7, 'K': 100, 'R': 100, 'E': 50, 'B': 20, 'NC': 4, 'criterion': 'torch.nn.CrossEntropyLoss', 'optimizer': 'torch.optim.SGD'}}
[INFO](2022/04/14/ 12:31:13 AM) {'optim_config': {'lr': 0.01, 'momentum': 0.9}}
[INFO](2022/04/14/ 12:31:13 AM) {'init_config': {'init_type': 'xavier', 'init_gain': 1.0, 'gpu_ids': [0, 1, 2]}}
[INFO](2022/04/14/ 12:31:13 AM) {'model_config': {'name': 'CNN2', 'in_channels': 3, 'hidden_channels': 32, 'num_hiddens': 512, 'num_classes': 10}}
[INFO](2022/04/14/ 12:31:13 AM) {'log_config': {'log_path': './log/2022-04-14_00:31:10', 'log_name': 'FL.log', 'tb_port': 5252, 'tb_host': '0.0.0.0'}}
[INFO](2022/04/14/ 12:31:15 AM) [Round: 0000] ...successfully initialized model (# parameters: 2156490)!
[INFO](2022/04/14/ 12:31:17 AM) [Round: 0000] ...successfully created all 100 clients!
[INFO](2022/04/14/ 12:31:17 AM) [Round: 0000] ...successfully finished setup of all 100 clients!
[INFO](2022/04/14/ 12:31:17 AM) [Round: 0000] ...successfully transmitted models to all 100 clients!
[INFO](2022/04/14/ 12:31:17 AM) [Round: 0001] Select clients...!
[INFO](2022/04/14/ 12:31:17 AM) [Round: 0001] ...successfully transmitted models to 70 selected clients of cluster 1!
[INFO](2022/04/14/ 12:31:17 AM) [Round: 0001] ...successfully transmitted models to 70 selected clients of cluster 2!
[INFO](2022/04/14/ 12:31:17 AM) [Round: 0001] ...successfully transmitted models to 70 selected clients of cluster 3!
[INFO](2022/04/14/ 12:31:17 AM) [Round: 0001] ...successfully transmitted models to 70 selected clients of cluster 4!
[INFO](2022/04/14/ 12:31:17 AM) [Round: 0001] Start updating selected client 0004...!
[INFO](2022/04/14/ 12:31:17 AM) [Round: 0001] Start updating selected client 0006...!
[INFO](2022/04/14/ 12:31:17 AM) [Round: 0001] Start updating selected client 0001...!
[INFO](2022/04/14/ 12:31:17 AM) [Round: 0001] Start updating selected client 0009...!
[INFO](2022/04/14/ 12:31:17 AM) [Round: 0001] Start updating selected client 0011...!
[INFO](2022/04/14/ 12:31:17 AM) [Round: 0001] Start updating selected client 0026...!
[INFO](2022/04/14/ 12:31:17 AM) [Round: 0001] Start updating selected client 0022...!
[INFO](2022/04/14/ 12:31:17 AM) [Round: 0001] Start updating selected client 0024...!
[INFO](2022/04/14/ 12:31:17 AM) [Round: 0001] Start updating selected client 0013...!
[INFO](2022/04/14/ 12:31:18 AM) [Round: 0001] Start updating selected client 0029...!
[INFO](2022/04/14/ 12:31:18 AM) [Round: 0001] Start updating selected client 0016...!
[INFO](2022/04/14/ 12:33:00 AM) [Round: 0001] ...client 0006 is selected and updated (with total sample size: 500)!
[INFO](2022/04/14/ 12:33:00 AM) [Round: 0001] Start updating selected client 0007...!
[INFO](2022/04/14/ 12:33:00 AM) [Round: 0001] ...client 0026 is selected and updated (with total sample size: 500)!
[INFO](2022/04/14/ 12:33:00 AM) [Round: 0001] Start updating selected client 0028...!
[INFO](2022/04/14/ 12:33:01 AM) [Round: 0001] ...client 0011 is selected and updated (with total sample size: 500)!
[INFO](2022/04/14/ 12:33:01 AM) [Round: 0001] Start updating selected client 0012...!
[INFO](2022/04/14/ 12:33:01 AM) [Round: 0001] ...client 0024 is selected and updated (with total sample size: 500)!
[INFO](2022/04/14/ 12:33:01 AM) [Round: 0001] Start updating selected client 0025...!
[INFO](2022/04/14/ 12:33:02 AM) [Round: 0001] ...client 0001 is selected and updated (with total sample size: 500)!
[INFO](2022/04/14/ 12:33:02 AM) [Round: 0001] Start updating selected client 0003...!
[INFO](2022/04/14/ 12:33:02 AM) [Round: 0001] ...client 0013 is selected and updated (with total sample size: 500)!
[INFO](2022/04/14/ 12:33:02 AM) [Round: 0001] Start updating selected client 0015...!
[INFO](2022/04/14/ 12:33:03 AM) [Round: 0001] ...client 0022 is selected and updated (with total sample size: 500)!
[INFO](2022/04/14/ 12:33:03 AM) [Round: 0001] Start updating selected client 0023...!
[INFO](2022/04/14/ 12:33:03 AM) [Round: 0001] ...client 0009 is selected and updated (with total sample size: 500)!
[INFO](2022/04/14/ 12:33:04 AM) [Round: 0001] Start updating selected client 0010...!
[INFO](2022/04/14/ 12:33:04 AM) [Round: 0001] ...client 0029 is selected and updated (with total sample size: 500)!
[INFO](2022/04/14/ 12:33:04 AM) [Round: 0001] Start updating selected client 0030...!
[INFO](2022/04/14/ 12:33:05 AM) [Round: 0001] ...client 0016 is selected and updated (with total sample size: 500)!
[INFO](2022/04/14/ 12:33:05 AM) [Round: 0001] Start updating selected client 0018...!
[INFO](2022/04/14/ 12:33:06 AM) [Round: 0001] ...client 0004 is selected and updated (with total sample size: 500)!
[INFO](2022/04/14/ 12:33:06 AM) [Round: 0001] Start updating selected client 0005...!
[INFO](2022/04/14/ 12:34:43 AM) [Round: 0001] ...client 0007 is selected and updated (with total sample size: 500)!
[INFO](2022/04/14/ 12:34:43 AM) [Round: 0001] Start updating selected client 0031...!
[INFO](2022/04/14/ 12:34:44 AM) [Round: 0001] ...client 0028 is selected and updated (with total sample size: 500)!
[INFO](2022/04/14/ 12:34:44 AM) [Round: 0001] Start updating selected client 0033...!
[INFO](2022/04/14/ 12:34:45 AM) [Round: 0001] ...client 0012 is selected and updated (with total sample size: 500)!
[INFO](2022/04/14/ 12:34:45 AM) [Round: 0001] Start updating selected client 0035...!
[INFO](2022/04/14/ 12:34:46 AM) [Round: 0001] ...client 0025 is selected and updated (with total sample size: 500)!
[INFO](2022/04/14/ 12:34:46 AM) [Round: 0001] Start updating selected client 0037...!
[INFO](2022/04/14/ 12:34:47 AM) [Round: 0001] ...client 0003 is selected and updated (with total sample size: 500)!
[INFO](2022/04/14/ 12:34:47 AM) [Round: 0001] Start updating selected client 0039...!
[INFO](2022/04/14/ 12:34:48 AM) [Round: 0001] ...client 0023 is selected and updated (with total sample size: 500)!
[INFO](2022/04/14/ 12:34:48 AM) [Round: 0001] Start updating selected client 0041...!
[INFO](2022/04/14/ 12:34:49 AM) [Round: 0001] ...client 0015 is selected and updated (with total sample size: 500)!
[INFO](2022/04/14/ 12:34:49 AM) [Round: 0001] Start updating selected client 0044...!
[INFO](2022/04/14/ 12:34:50 AM) [Round: 0001] ...client 0010 is selected and updated (with total sample size: 500)!
[INFO](2022/04/14/ 12:34:50 AM) [Round: 0001] Start updating selected client 0046...!
[INFO](2022/04/14/ 12:34:50 AM) [Round: 0001] ...client 0030 is selected and updated (with total sample size: 500)!
[INFO](2022/04/14/ 12:34:50 AM) [Round: 0001] Start updating selected client 0048...!
[INFO](2022/04/14/ 12:34:52 AM) [Round: 0001] ...client 0018 is selected and updated (with total sample size: 500)!
[INFO](2022/04/14/ 12:34:53 AM) [Round: 0001] Start updating selected client 0051...!
[INFO](2022/04/14/ 12:34:54 AM) [Round: 0001] ...client 0005 is selected and updated (with total sample size: 500)!
[INFO](2022/04/14/ 12:34:54 AM) [Round: 0001] Start updating selected client 0055...!
[INFO](2022/04/14/ 12:36:28 AM) [Round: 0001] ...client 0031 is selected and updated (with total sample size: 500)!
[INFO](2022/04/14/ 12:36:28 AM) [Round: 0001] Start updating selected client 0032...!
[INFO](2022/04/14/ 12:36:28 AM) [Round: 0001] ...client 0033 is selected and updated (with total sample size: 500)!
[INFO](2022/04/14/ 12:36:28 AM) [Round: 0001] Start updating selected client 0034...!
[INFO](2022/04/14/ 12:36:29 AM) [Round: 0001] ...client 0035 is selected and updated (with total sample size: 500)!
[INFO](2022/04/14/ 12:36:29 AM) [Round: 0001] Start updating selected client 0036...!
[INFO](2022/04/14/ 12:36:30 AM) [Round: 0001] ...client 0037 is selected and updated (with total sample size: 500)!
[INFO](2022/04/14/ 12:36:30 AM) [Round: 0001] Start updating selected client 0038...!
[INFO](2022/04/14/ 12:36:32 AM) [Round: 0001] ...client 0039 is selected and updated (with total sample size: 500)!
[INFO](2022/04/14/ 12:36:32 AM) [Round: 0001] Start updating selected client 0040...!
[INFO](2022/04/14/ 12:36:33 AM) [Round: 0001] ...client 0041 is selected and updated (with total sample size: 500)!
[INFO](2022/04/14/ 12:36:33 AM) [Round: 0001] Start updating selected client 0042...!
[INFO](2022/04/14/ 12:36:34 AM) [Round: 0001] ...client 0044 is selected and updated (with total sample size: 500)!
[INFO](2022/04/14/ 12:36:35 AM) [Round: 0001] Start updating selected client 0045...!
[INFO](2022/04/14/ 12:36:36 AM) [Round: 0001] ...client 0046 is selected and updated (with total sample size: 500)!
[INFO](2022/04/14/ 12:36:36 AM) [Round: 0001] Start updating selected client 0047...!
[INFO](2022/04/14/ 12:36:37 AM) [Round: 0001] ...client 0048 is selected and updated (with total sample size: 500)!
[INFO](2022/04/14/ 12:36:37 AM) [Round: 0001] Start updating selected client 0049...!
[INFO](2022/04/14/ 12:36:40 AM) [Round: 0001] ...client 0051 is selected and updated (with total sample size: 500)!
[INFO](2022/04/14/ 12:36:40 AM) [Round: 0001] Start updating selected client 0052...!
[INFO](2022/04/14/ 12:36:42 AM) [Round: 0001] ...client 0055 is selected and updated (with total sample size: 500)!
[INFO](2022/04/14/ 12:36:42 AM) [Round: 0001] Start updating selected client 0056...!
[INFO](2022/04/14/ 12:38:12 AM) [Round: 0001] ...client 0032 is selected and updated (with total sample size: 500)!
[INFO](2022/04/14/ 12:38:12 AM) [Round: 0001] Start updating selected client 0058...!
[INFO](2022/04/14/ 12:38:13 AM) [Round: 0001] ...client 0034 is selected and updated (with total sample size: 500)!
[INFO](2022/04/14/ 12:38:13 AM) [Round: 0001] Start updating selected client 0062...!
[INFO](2022/04/14/ 12:38:15 AM) [Round: 0001] ...client 0036 is selected and updated (with total sample size: 500)!
[INFO](2022/04/14/ 12:38:15 AM) [Round: 0001] Start updating selected client 0064...!
[INFO](2022/04/14/ 12:38:17 AM) [Round: 0001] ...client 0038 is selected and updated (with total sample size: 500)!
[INFO](2022/04/14/ 12:38:17 AM) [Round: 0001] Start updating selected client 0068...!
[INFO](2022/04/14/ 12:38:18 AM) [Round: 0001] ...client 0040 is selected and updated (with total sample size: 500)!
[INFO](2022/04/14/ 12:38:18 AM) [Round: 0001] Start updating selected client 0072...!
[INFO](2022/04/14/ 12:38:20 AM) [Round: 0001] ...client 0042 is selected and updated (with total sample size: 500)!
[INFO](2022/04/14/ 12:38:20 AM) [Round: 0001] Start updating selected client 0074...!
[INFO](2022/04/14/ 12:38:21 AM) [Round: 0001] ...client 0045 is selected and updated (with total sample size: 500)!
[INFO](2022/04/14/ 12:38:21 AM) [Round: 0001] Start updating selected client 0076...!
[INFO](2022/04/14/ 12:38:23 AM) [Round: 0001] ...client 0047 is selected and updated (with total sample size: 500)!
[INFO](2022/04/14/ 12:38:23 AM) [Round: 0001] Start updating selected client 0080...!
[INFO](2022/04/14/ 12:38:25 AM) [Round: 0001] ...client 0049 is selected and updated (with total sample size: 500)!
[INFO](2022/04/14/ 12:38:25 AM) [Round: 0001] Start updating selected client 0084...!
[INFO](2022/04/14/ 12:38:28 AM) [Round: 0001] ...client 0052 is selected and updated (with total sample size: 500)!
[INFO](2022/04/14/ 12:38:28 AM) [Round: 0001] Start updating selected client 0088...!
[INFO](2022/04/14/ 12:38:30 AM) [Round: 0001] ...client 0056 is selected and updated (with total sample size: 500)!
[INFO](2022/04/14/ 12:38:30 AM) [Round: 0001] Start updating selected client 0091...!
