[INFO](2022/04/12/ 05:00:52 PM) 
[WELCOME] Unfolding configurations...!
[INFO](2022/04/12/ 05:00:52 PM) {'global_config': {'seed': 5959, 'device': 'cuda', 'is_mp': True}}
[INFO](2022/04/12/ 05:00:52 PM) {'data_config': {'data_path': './data/', 'dataset_name': 'CIFAR10', 'num_shards': 300, 'iid': True}}
[INFO](2022/04/12/ 05:00:52 PM) {'fed_config': {'C': 0.1, 'K': 100, 'R': 400, 'E': 50, 'B': 20, 'NC': 3, 'criterion': 'torch.nn.CrossEntropyLoss', 'optimizer': 'torch.optim.SGD'}}
[INFO](2022/04/12/ 05:00:52 PM) {'optim_config': {'lr': 0.01, 'momentum': 0.9}}
[INFO](2022/04/12/ 05:00:52 PM) {'init_config': {'init_type': 'xavier', 'init_gain': 1.0, 'gpu_ids': [0, 1, 2]}}
[INFO](2022/04/12/ 05:00:52 PM) {'model_config': {'name': 'CNN2', 'in_channels': 3, 'hidden_channels': 32, 'num_hiddens': 512, 'num_classes': 10}}
[INFO](2022/04/12/ 05:00:52 PM) {'log_config': {'log_path': './log/2022-04-12_17:00:49', 'log_name': 'FL.log', 'tb_port': 5252, 'tb_host': '0.0.0.0'}}
[INFO](2022/04/12/ 05:01:17 PM) [Round: 0000] ...successfully initialized model (# parameters: 2156490)!
[INFO](2022/04/12/ 05:01:35 PM) [Round: 0000] ...successfully created all 100 clients!
[INFO](2022/04/12/ 05:01:35 PM) [Round: 0000] ...successfully finished setup of all 100 clients!
[INFO](2022/04/12/ 05:01:36 PM) [Round: 0000] ...successfully transmitted models to all 100 clients!
[INFO](2022/04/12/ 05:01:36 PM) [Round: 0001] Select clients...!
[INFO](2022/04/12/ 05:01:36 PM) [Round: 0001] ...successfully transmitted models to 10 selected clients!
[INFO](2022/04/12/ 05:01:36 PM) [Round: 0001] Start updating selected client 0017...!
[INFO](2022/04/12/ 05:01:36 PM) [Round: 0001] Start updating selected client 0005...!
[INFO](2022/04/12/ 05:01:36 PM) [Round: 0001] Start updating selected client 0059...!
[INFO](2022/04/12/ 05:01:36 PM) [Round: 0001] Start updating selected client 0027...!
[INFO](2022/04/12/ 05:01:36 PM) [Round: 0001] Start updating selected client 0068...!
[INFO](2022/04/12/ 05:01:36 PM) [Round: 0001] Start updating selected client 0084...!
[INFO](2022/04/12/ 05:01:36 PM) [Round: 0001] Start updating selected client 0088...!
[INFO](2022/04/12/ 05:01:36 PM) [Round: 0001] Start updating selected client 0071...!
[INFO](2022/04/12/ 05:01:36 PM) [Round: 0001] Start updating selected client 0081...!
[INFO](2022/04/12/ 05:01:36 PM) [Round: 0001] Start updating selected client 0049...!
[INFO](2022/04/12/ 05:03:27 PM) [Round: 0001] ...client 0049 is selected and updated (with total sample size: 500)!
[INFO](2022/04/12/ 05:03:28 PM) [Round: 0001] ...client 0017 is selected and updated (with total sample size: 500)!
[INFO](2022/04/12/ 05:03:28 PM) [Round: 0001] ...client 0084 is selected and updated (with total sample size: 500)!
[INFO](2022/04/12/ 05:03:29 PM) [Round: 0001] ...client 0059 is selected and updated (with total sample size: 500)!
[INFO](2022/04/12/ 05:03:29 PM) [Round: 0001] ...client 0071 is selected and updated (with total sample size: 500)!
[INFO](2022/04/12/ 05:03:29 PM) [Round: 0001] ...client 0081 is selected and updated (with total sample size: 500)!
[INFO](2022/04/12/ 05:03:30 PM) [Round: 0001] ...client 0068 is selected and updated (with total sample size: 500)!
[INFO](2022/04/12/ 05:03:30 PM) [Round: 0001] ...client 0088 is selected and updated (with total sample size: 500)!
[INFO](2022/04/12/ 05:03:30 PM) [Round: 0001] ...client 0027 is selected and updated (with total sample size: 500)!
[INFO](2022/04/12/ 05:03:30 PM) [Round: 0001] ...client 0005 is selected and updated (with total sample size: 500)!
[INFO](2022/04/12/ 05:03:30 PM) [Round: 0001] Evaluate selected 10 clients' models...!
[INFO](2022/04/12/ 05:03:33 PM) 	[Client 0049] ...finished evaluation!            
	=> Test loss: 0.0002            
	=> Test accuracy: 100.00%

[INFO](2022/04/12/ 05:03:33 PM) 	[Client 0027] ...finished evaluation!            
	=> Test loss: 0.0002            
	=> Test accuracy: 100.00%

[INFO](2022/04/12/ 05:03:33 PM) 	[Client 0088] ...finished evaluation!            
	=> Test loss: 0.0003            
	=> Test accuracy: 100.00%

[INFO](2022/04/12/ 05:03:33 PM) 	[Client 0071] ...finished evaluation!            
	=> Test loss: 0.0003            
	=> Test accuracy: 100.00%

[INFO](2022/04/12/ 05:03:33 PM) 	[Client 0017] ...finished evaluation!            
	=> Test loss: 0.0002            
	=> Test accuracy: 100.00%

[INFO](2022/04/12/ 05:03:33 PM) 	[Client 0081] ...finished evaluation!            
	=> Test loss: 0.0003            
	=> Test accuracy: 100.00%

[INFO](2022/04/12/ 05:03:33 PM) 	[Client 0059] ...finished evaluation!            
	=> Test loss: 0.0002            
	=> Test accuracy: 100.00%

[INFO](2022/04/12/ 05:03:33 PM) 	[Client 0068] ...finished evaluation!            
	=> Test loss: 0.0003            
	=> Test accuracy: 100.00%

[INFO](2022/04/12/ 05:03:33 PM) 	[Client 0084] ...finished evaluation!            
	=> Test loss: 0.0002            
	=> Test accuracy: 100.00%

[INFO](2022/04/12/ 05:03:33 PM) 	[Client 0005] ...finished evaluation!            
	=> Test loss: 0.0002            
	=> Test accuracy: 100.00%

[INFO](2022/04/12/ 05:03:35 PM) [Round: 0001] Aggregate updated weights of 10 clients...!
[INFO](2022/04/12/ 05:03:35 PM) [Round: 0001] ...updated weights of 10 clients are successfully averaged!
[INFO](2022/04/12/ 05:03:35 PM) [Round: 0001] Aggregate updated weights of 1 clients...!
[INFO](2022/04/12/ 05:03:35 PM) [Round: 0001] ...updated weights of 1 clients are successfully averaged!
[INFO](2022/04/12/ 05:03:35 PM) [Round: 0001] Aggregate updated weights of 4 clients...!
[INFO](2022/04/12/ 05:03:36 PM) [Round: 0001] ...updated weights of 4 clients are successfully averaged!
[INFO](2022/04/12/ 05:03:36 PM) [Round: 0001] Aggregate updated weights of 2 clients...!
[INFO](2022/04/12/ 05:03:36 PM) [Round: 0001] ...updated weights of 2 clients are successfully averaged!
[INFO](2022/04/12/ 05:03:42 PM) [Round: 0001] Evaluate global model's performance...!                
	[Server] ...finished evaluation!                
	=> Loss: 2.1563                
	=> Accuracy: 45.05%

[INFO](2022/04/12/ 05:03:42 PM) [Round: 0002] Select clients...!
[INFO](2022/04/12/ 05:03:42 PM) [Round: 0002] ...successfully transmitted models to 10 selected clients!
[INFO](2022/04/12/ 05:03:42 PM) [Round: 0002] Start updating selected client 0003...!
[INFO](2022/04/12/ 05:03:42 PM) [Round: 0002] Start updating selected client 0056...!
[INFO](2022/04/12/ 05:03:42 PM) [Round: 0002] Start updating selected client 0052...!
[INFO](2022/04/12/ 05:03:42 PM) [Round: 0002] Start updating selected client 0071...!
[INFO](2022/04/12/ 05:03:42 PM) [Round: 0002] Start updating selected client 0074...!
[INFO](2022/04/12/ 05:03:42 PM) [Round: 0002] Start updating selected client 0090...!
[INFO](2022/04/12/ 05:03:42 PM) [Round: 0002] Start updating selected client 0061...!
[INFO](2022/04/12/ 05:03:43 PM) [Round: 0002] Start updating selected client 0089...!
[INFO](2022/04/12/ 05:03:43 PM) [Round: 0002] Start updating selected client 0096...!
[INFO](2022/04/12/ 05:03:43 PM) [Round: 0002] Start updating selected client 0068...!
[INFO](2022/04/12/ 05:05:26 PM) [Round: 0002] ...client 0096 is selected and updated (with total sample size: 500)!
[INFO](2022/04/12/ 05:05:27 PM) [Round: 0002] ...client 0089 is selected and updated (with total sample size: 500)!
[INFO](2022/04/12/ 05:05:27 PM) [Round: 0002] ...client 0090 is selected and updated (with total sample size: 500)!
[INFO](2022/04/12/ 05:05:27 PM) [Round: 0002] ...client 0068 is selected and updated (with total sample size: 500)!
[INFO](2022/04/12/ 05:05:27 PM) [Round: 0002] ...client 0052 is selected and updated (with total sample size: 500)!
[INFO](2022/04/12/ 05:05:28 PM) [Round: 0002] ...client 0074 is selected and updated (with total sample size: 500)!
[INFO](2022/04/12/ 05:05:28 PM) [Round: 0002] ...client 0056 is selected and updated (with total sample size: 500)!
[INFO](2022/04/12/ 05:05:28 PM) [Round: 0002] ...client 0061 is selected and updated (with total sample size: 500)!
[INFO](2022/04/12/ 05:05:29 PM) [Round: 0002] ...client 0003 is selected and updated (with total sample size: 500)!
[INFO](2022/04/12/ 05:05:29 PM) [Round: 0002] ...client 0071 is selected and updated (with total sample size: 500)!
[INFO](2022/04/12/ 05:05:29 PM) [Round: 0002] Evaluate selected 10 clients' models...!
