[INFO](2022/04/15/ 09:55:11 AM) 
[WELCOME] Unfolding configurations...!
[INFO](2022/04/15/ 09:55:11 AM) {'global_config': {'seed': 5959, 'device': 'cuda', 'is_mp': True}}
[INFO](2022/04/15/ 09:55:11 AM) {'data_config': {'data_path': './data/', 'dataset_name': 'CIFAR10', 'num_shards': 300, 'iid': True}}
[INFO](2022/04/15/ 09:55:11 AM) {'fed_config': {'C': 0.4, 'K': 100, 'R': 100, 'E': 50, 'B': 20, 'NC': 4, 'criterion': 'torch.nn.CrossEntropyLoss', 'optimizer': 'torch.optim.SGD'}}
[INFO](2022/04/15/ 09:55:11 AM) {'optim_config': {'lr': 0.01, 'momentum': 0.9}}
[INFO](2022/04/15/ 09:55:11 AM) {'init_config': {'init_type': 'xavier', 'init_gain': 1.0, 'gpu_ids': [0, 1, 2]}}
[INFO](2022/04/15/ 09:55:11 AM) {'model_config': {'name': 'CNN2', 'in_channels': 3, 'hidden_channels': 32, 'num_hiddens': 512, 'num_classes': 10}}
[INFO](2022/04/15/ 09:55:11 AM) {'log_config': {'log_path': './log/2022-04-15_09:55:08', 'log_name': 'FL.log', 'tb_port': 5252, 'tb_host': '0.0.0.0'}}
[INFO](2022/04/15/ 09:55:14 AM) [Round: 0000] ...successfully initialized model (# parameters: 2156490)!
[INFO](2022/04/15/ 09:55:16 AM) [Round: 0000] ...successfully created all 100 clients!
[INFO](2022/04/15/ 09:55:16 AM) [Round: 0000] ...successfully finished setup of all 100 clients!
[INFO](2022/04/15/ 09:55:16 AM) [Round: 0000] ...successfully transmitted models to all 100 clients!
[INFO](2022/04/15/ 09:55:16 AM) [Round: 0001] Select clients...!
[INFO](2022/04/15/ 09:55:16 AM) [Round: 0001] ...successfully transmitted models to 40 selected clients of cluster 1!
[INFO](2022/04/15/ 09:55:16 AM) [Round: 0001] ...successfully transmitted models to 40 selected clients of cluster 2!
[INFO](2022/04/15/ 09:55:16 AM) [Round: 0001] ...successfully transmitted models to 40 selected clients of cluster 3!
[INFO](2022/04/15/ 09:55:16 AM) [Round: 0001] ...successfully transmitted models to 40 selected clients of cluster 4!
[INFO](2022/04/15/ 09:55:16 AM) [Round: 0001] Start updating selected client 0001...!
[INFO](2022/04/15/ 09:55:16 AM) [Round: 0001] Start updating selected client 0000...!
[INFO](2022/04/15/ 09:55:16 AM) [Round: 0001] Start updating selected client 0002...!
[INFO](2022/04/15/ 09:55:16 AM) [Round: 0001] Start updating selected client 0003...!
[INFO](2022/04/15/ 09:55:16 AM) [Round: 0001] Start updating selected client 0008...!
[INFO](2022/04/15/ 09:55:16 AM) [Round: 0001] Start updating selected client 0015...!
[INFO](2022/04/15/ 09:55:16 AM) [Round: 0001] Start updating selected client 0016...!
[INFO](2022/04/15/ 09:55:16 AM) [Round: 0001] Start updating selected client 0010...!
[INFO](2022/04/15/ 09:55:16 AM) [Round: 0001] Start updating selected client 0018...!
[INFO](2022/04/15/ 09:55:17 AM) [Round: 0001] Start updating selected client 0021...!
[INFO](2022/04/15/ 09:55:17 AM) [Round: 0001] Start updating selected client 0019...!
[INFO](2022/04/15/ 09:55:17 AM) [Round: 0001] Start updating selected client 0022...!
[INFO](2022/04/15/ 09:55:17 AM) [Round: 0001] Start updating selected client 0023...!
[INFO](2022/04/15/ 09:55:17 AM) [Round: 0001] Start updating selected client 0029...!
[INFO](2022/04/15/ 09:55:17 AM) [Round: 0001] Start updating selected client 0035...!
[INFO](2022/04/15/ 09:55:17 AM) [Round: 0001] Start updating selected client 0034...!
[INFO](2022/04/15/ 09:55:17 AM) [Round: 0001] Start updating selected client 0050...!
[INFO](2022/04/15/ 09:55:17 AM) [Round: 0001] Start updating selected client 0040...!
[INFO](2022/04/15/ 09:55:17 AM) [Round: 0001] Start updating selected client 0049...!
[INFO](2022/04/15/ 09:55:17 AM) [Round: 0001] Start updating selected client 0052...!
[INFO](2022/04/15/ 09:55:18 AM) [Round: 0001] Start updating selected client 0036...!
[INFO](2022/04/15/ 09:55:18 AM) [Round: 0001] Start updating selected client 0047...!
[INFO](2022/04/15/ 09:55:18 AM) [Round: 0001] Start updating selected client 0053...!
[INFO](2022/04/15/ 09:55:18 AM) [Round: 0001] Start updating selected client 0056...!
[INFO](2022/04/15/ 09:55:18 AM) [Round: 0001] Start updating selected client 0061...!
[INFO](2022/04/15/ 09:55:18 AM) [Round: 0001] Start updating selected client 0062...!
[INFO](2022/04/15/ 09:55:18 AM) [Round: 0001] Start updating selected client 0067...!
[INFO](2022/04/15/ 09:55:18 AM) [Round: 0001] Start updating selected client 0064...!
[INFO](2022/04/15/ 09:55:18 AM) [Round: 0001] Start updating selected client 0068...!
[INFO](2022/04/15/ 09:55:18 AM) [Round: 0001] Start updating selected client 0069...!
[INFO](2022/04/15/ 09:55:18 AM) [Round: 0001] Start updating selected client 0070...!
[INFO](2022/04/15/ 09:55:18 AM) [Round: 0001] Start updating selected client 0073...!
[INFO](2022/04/15/ 09:55:18 AM) [Round: 0001] Start updating selected client 0074...!
[INFO](2022/04/15/ 09:55:18 AM) [Round: 0001] Start updating selected client 0076...!
[INFO](2022/04/15/ 09:55:18 AM) [Round: 0001] Start updating selected client 0082...!
[INFO](2022/04/15/ 09:55:19 AM) [Round: 0001] Start updating selected client 0084...!
[INFO](2022/04/15/ 09:55:19 AM) [Round: 0001] Start updating selected client 0091...!
[INFO](2022/04/15/ 09:55:19 AM) [Round: 0001] Start updating selected client 0092...!
[INFO](2022/04/15/ 09:55:19 AM) [Round: 0001] Start updating selected client 0094...!
[INFO](2022/04/15/ 09:55:19 AM) [Round: 0001] Start updating selected client 0099...!
