[INFO](2022/04/12/ 04:20:39 PM) 
[WELCOME] Unfolding configurations...!
[INFO](2022/04/12/ 04:20:39 PM) {'global_config': {'seed': 5959, 'device': 'cuda', 'is_mp': True}}
[INFO](2022/04/12/ 04:20:39 PM) {'data_config': {'data_path': './data/', 'dataset_name': 'CIFAR10', 'num_shards': 300, 'iid': True}}
[INFO](2022/04/12/ 04:20:39 PM) {'fed_config': {'C': 0.1, 'K': 100, 'R': 400, 'E': 50, 'B': 20, 'NC': 3, 'criterion': 'torch.nn.CrossEntropyLoss', 'optimizer': 'torch.optim.SGD'}}
[INFO](2022/04/12/ 04:20:39 PM) {'optim_config': {'lr': 0.01, 'momentum': 0.9}}
[INFO](2022/04/12/ 04:20:39 PM) {'init_config': {'init_type': 'xavier', 'init_gain': 1.0, 'gpu_ids': [0, 1, 2]}}
[INFO](2022/04/12/ 04:20:39 PM) {'model_config': {'name': 'CNN2', 'in_channels': 3, 'hidden_channels': 32, 'num_hiddens': 512, 'num_classes': 10}}
[INFO](2022/04/12/ 04:20:39 PM) {'log_config': {'log_path': './log/2022-04-12_16:20:36', 'log_name': 'FL.log', 'tb_port': 5252, 'tb_host': '0.0.0.0'}}
[INFO](2022/04/12/ 04:20:43 PM) [Round: 0000] ...successfully initialized model (# parameters: 2156490)!
[INFO](2022/04/12/ 04:20:45 PM) [Round: 0000] ...successfully created all 100 clients!
[INFO](2022/04/12/ 04:20:45 PM) [Round: 0000] ...successfully finished setup of all 100 clients!
[INFO](2022/04/12/ 04:20:45 PM) [Round: 0000] ...successfully transmitted models to all 100 clients!
[INFO](2022/04/12/ 04:20:45 PM) [Round: 0001] Select clients...!
[INFO](2022/04/12/ 04:20:45 PM) [Round: 0001] ...successfully transmitted models to 10 selected clients!
[INFO](2022/04/12/ 04:20:45 PM) [Round: 0001] Start updating selected client 0022...!
[INFO](2022/04/12/ 04:20:45 PM) [Round: 0001] Start updating selected client 0053...!
[INFO](2022/04/12/ 04:20:45 PM) [Round: 0001] Start updating selected client 0031...!
[INFO](2022/04/12/ 04:20:45 PM) [Round: 0001] Start updating selected client 0033...!
[INFO](2022/04/12/ 04:20:45 PM) [Round: 0001] Start updating selected client 0074...!
[INFO](2022/04/12/ 04:20:45 PM) [Round: 0001] Start updating selected client 0004...!
[INFO](2022/04/12/ 04:20:45 PM) [Round: 0001] Start updating selected client 0078...!
[INFO](2022/04/12/ 04:20:45 PM) [Round: 0001] Start updating selected client 0055...!
[INFO](2022/04/12/ 04:20:45 PM) [Round: 0001] Start updating selected client 0058...!
[INFO](2022/04/12/ 04:20:45 PM) [Round: 0001] Start updating selected client 0090...!
[INFO](2022/04/12/ 04:22:23 PM) [Round: 0001] ...client 0004 is selected and updated (with total sample size: 500)!
[INFO](2022/04/12/ 04:22:24 PM) [Round: 0001] ...client 0022 is selected and updated (with total sample size: 500)!
[INFO](2022/04/12/ 04:22:25 PM) [Round: 0001] ...client 0031 is selected and updated (with total sample size: 500)!
[INFO](2022/04/12/ 04:22:25 PM) [Round: 0001] ...client 0058 is selected and updated (with total sample size: 500)!
[INFO](2022/04/12/ 04:22:26 PM) [Round: 0001] ...client 0055 is selected and updated (with total sample size: 500)!
[INFO](2022/04/12/ 04:22:26 PM) [Round: 0001] ...client 0078 is selected and updated (with total sample size: 500)!
[INFO](2022/04/12/ 04:22:26 PM) [Round: 0001] ...client 0053 is selected and updated (with total sample size: 500)!
[INFO](2022/04/12/ 04:22:27 PM) [Round: 0001] ...client 0074 is selected and updated (with total sample size: 500)!
[INFO](2022/04/12/ 04:22:27 PM) [Round: 0001] ...client 0033 is selected and updated (with total sample size: 500)!
[INFO](2022/04/12/ 04:22:27 PM) [Round: 0001] ...client 0090 is selected and updated (with total sample size: 500)!
[INFO](2022/04/12/ 04:22:27 PM) [Round: 0001] Evaluate selected 10 clients' models...!
[INFO](2022/04/12/ 04:22:30 PM) 	[Client 0078] ...finished evaluation!            
	=> Test loss: 0.0003            
	=> Test accuracy: 100.00%

[INFO](2022/04/12/ 04:22:30 PM) 	[Client 0004] ...finished evaluation!            
	=> Test loss: 0.0002            
	=> Test accuracy: 100.00%

[INFO](2022/04/12/ 04:22:30 PM) 	[Client 0090] ...finished evaluation!            
	=> Test loss: 0.0002            
	=> Test accuracy: 100.00%

[INFO](2022/04/12/ 04:22:30 PM) 	[Client 0053] ...finished evaluation!            
	=> Test loss: 0.0002            
	=> Test accuracy: 100.00%

[INFO](2022/04/12/ 04:22:30 PM) 	[Client 0022] ...finished evaluation!            
	=> Test loss: 0.0003            
	=> Test accuracy: 100.00%

[INFO](2022/04/12/ 04:22:30 PM) 	[Client 0058] ...finished evaluation!            
	=> Test loss: 0.0003            
	=> Test accuracy: 100.00%

[INFO](2022/04/12/ 04:22:30 PM) 	[Client 0033] ...finished evaluation!            
	=> Test loss: 0.0003            
	=> Test accuracy: 100.00%

[INFO](2022/04/12/ 04:22:30 PM) 	[Client 0055] ...finished evaluation!            
	=> Test loss: 0.0003            
	=> Test accuracy: 100.00%

[INFO](2022/04/12/ 04:22:30 PM) 	[Client 0031] ...finished evaluation!            
	=> Test loss: 0.0002            
	=> Test accuracy: 100.00%

[INFO](2022/04/12/ 04:22:30 PM) 	[Client 0074] ...finished evaluation!            
	=> Test loss: 0.0003            
	=> Test accuracy: 100.00%

[INFO](2022/04/12/ 04:22:31 PM) [Round: 0001] Aggregate updated weights of 10 clients...!
[INFO](2022/04/12/ 04:22:31 PM) [Round: 0001] ...updated weights of 10 clients are successfully averaged!
[INFO](2022/04/12/ 04:22:37 PM) [Round: 0001] Evaluate global model's performance...!                
	[Server] ...finished evaluation!                
	=> Loss: 2.1731                
	=> Accuracy: 43.68%

[INFO](2022/04/12/ 04:22:37 PM) [Round: 0002] Select clients...!
[INFO](2022/04/12/ 04:22:37 PM) [Round: 0002] ...successfully transmitted models to 10 selected clients!
[INFO](2022/04/12/ 04:22:38 PM) [Round: 0002] Start updating selected client 0012...!
[INFO](2022/04/12/ 04:22:38 PM) [Round: 0002] Start updating selected client 0005...!
[INFO](2022/04/12/ 04:22:38 PM) [Round: 0002] Start updating selected client 0033...!
[INFO](2022/04/12/ 04:22:38 PM) [Round: 0002] Start updating selected client 0051...!
[INFO](2022/04/12/ 04:22:38 PM) [Round: 0002] Start updating selected client 0091...!
[INFO](2022/04/12/ 04:22:38 PM) [Round: 0002] Start updating selected client 0047...!
[INFO](2022/04/12/ 04:22:38 PM) [Round: 0002] Start updating selected client 0028...!
[INFO](2022/04/12/ 04:22:38 PM) [Round: 0002] Start updating selected client 0036...!
[INFO](2022/04/12/ 04:22:38 PM) [Round: 0002] Start updating selected client 0097...!
[INFO](2022/04/12/ 04:22:38 PM) [Round: 0002] Start updating selected client 0063...!
[INFO](2022/04/12/ 04:24:14 PM) [Round: 0002] ...client 0033 is selected and updated (with total sample size: 500)!
[INFO](2022/04/12/ 04:24:15 PM) [Round: 0002] ...client 0051 is selected and updated (with total sample size: 500)!
[INFO](2022/04/12/ 04:24:15 PM) [Round: 0002] ...client 0036 is selected and updated (with total sample size: 500)!
[INFO](2022/04/12/ 04:24:16 PM) [Round: 0002] ...client 0005 is selected and updated (with total sample size: 500)!
[INFO](2022/04/12/ 04:24:16 PM) [Round: 0002] ...client 0012 is selected and updated (with total sample size: 500)!
[INFO](2022/04/12/ 04:24:16 PM) [Round: 0002] ...client 0028 is selected and updated (with total sample size: 500)!
[INFO](2022/04/12/ 04:24:17 PM) [Round: 0002] ...client 0047 is selected and updated (with total sample size: 500)!
[INFO](2022/04/12/ 04:24:17 PM) [Round: 0002] ...client 0091 is selected and updated (with total sample size: 500)!
[INFO](2022/04/12/ 04:24:17 PM) [Round: 0002] ...client 0097 is selected and updated (with total sample size: 500)!
[INFO](2022/04/12/ 04:24:17 PM) [Round: 0002] ...client 0063 is selected and updated (with total sample size: 500)!
[INFO](2022/04/12/ 04:24:18 PM) [Round: 0002] Evaluate selected 10 clients' models...!
[INFO](2022/04/12/ 04:24:20 PM) 	[Client 0051] ...finished evaluation!            
	=> Test loss: 0.0002            
	=> Test accuracy: 100.00%

[INFO](2022/04/12/ 04:24:20 PM) 	[Client 0091] ...finished evaluation!            
	=> Test loss: 0.0002            
	=> Test accuracy: 100.00%

[INFO](2022/04/12/ 04:24:20 PM) 	[Client 0028] ...finished evaluation!            
	=> Test loss: 0.0003            
	=> Test accuracy: 100.00%

[INFO](2022/04/12/ 04:24:20 PM) 	[Client 0005] ...finished evaluation!            
	=> Test loss: 0.0002            
	=> Test accuracy: 100.00%

[INFO](2022/04/12/ 04:24:20 PM) 	[Client 0097] ...finished evaluation!            
	=> Test loss: 0.0003            
	=> Test accuracy: 100.00%

[INFO](2022/04/12/ 04:24:20 PM) 	[Client 0047] ...finished evaluation!            
	=> Test loss: 0.0003            
	=> Test accuracy: 100.00%

[INFO](2022/04/12/ 04:24:20 PM) 	[Client 0033] ...finished evaluation!            
	=> Test loss: 0.0002            
	=> Test accuracy: 100.00%

[INFO](2022/04/12/ 04:24:20 PM) 	[Client 0036] ...finished evaluation!            
	=> Test loss: 0.0002            
	=> Test accuracy: 100.00%

[INFO](2022/04/12/ 04:24:20 PM) 	[Client 0012] ...finished evaluation!            
	=> Test loss: 0.0003            
	=> Test accuracy: 100.00%

[INFO](2022/04/12/ 04:24:20 PM) 	[Client 0063] ...finished evaluation!            
	=> Test loss: 0.0003            
	=> Test accuracy: 100.00%

[INFO](2022/04/12/ 04:24:21 PM) [Round: 0002] Aggregate updated weights of 10 clients...!
[INFO](2022/04/12/ 04:24:21 PM) [Round: 0002] ...updated weights of 10 clients are successfully averaged!
[INFO](2022/04/12/ 04:24:27 PM) [Round: 0002] Evaluate global model's performance...!                
	[Server] ...finished evaluation!                
	=> Loss: 1.8114                
	=> Accuracy: 47.47%

[INFO](2022/04/12/ 04:24:27 PM) [Round: 0003] Select clients...!
[INFO](2022/04/12/ 04:24:27 PM) [Round: 0003] ...successfully transmitted models to 10 selected clients!
[INFO](2022/04/12/ 04:24:27 PM) [Round: 0003] Start updating selected client 0011...!
[INFO](2022/04/12/ 04:24:27 PM) [Round: 0003] Start updating selected client 0003...!
[INFO](2022/04/12/ 04:24:27 PM) [Round: 0003] Start updating selected client 0032...!
[INFO](2022/04/12/ 04:24:27 PM) [Round: 0003] Start updating selected client 0048...!
[INFO](2022/04/12/ 04:24:27 PM) [Round: 0003] Start updating selected client 0076...!
[INFO](2022/04/12/ 04:24:28 PM) [Round: 0003] Start updating selected client 0033...!
[INFO](2022/04/12/ 04:24:28 PM) [Round: 0003] Start updating selected client 0024...!
[INFO](2022/04/12/ 04:24:28 PM) [Round: 0003] Start updating selected client 0084...!
[INFO](2022/04/12/ 04:24:28 PM) [Round: 0003] Start updating selected client 0093...!
[INFO](2022/04/12/ 04:24:28 PM) [Round: 0003] Start updating selected client 0040...!
